2018-06-04 16:58:37 INFO  rootLogger:232 - Class: Hooks; Method: setUp
2018-06-04 16:58:37 INFO  rootLogger:232 - Scenario: Verify Payment Status on Dashboard starting.
2018-06-04 16:58:37 INFO  rootLogger:232 - Scenario Tag Name: @Sanity
2018-06-04 16:58:37 INFO  rootLogger:232 - Class: LoginStepdefs; Method: applicationLogin : Start
2018-06-04 16:58:37 INFO  rootLogger:232 - Class: Hooks; Method: openBrowser
2018-06-04 16:58:37 INFO  rootLogger:232 - userName: admin@huddil.com
2018-06-04 16:58:37 INFO  rootLogger:232 - Class: SetUpFile; Method: constructor
2018-06-04 16:58:37 INFO  rootLogger:232 - Initializing JSON files
2018-06-04 16:58:37 INFO  rootLogger:232 - Class: SetUpFile; Method: setUpBrowser
2018-06-04 16:58:41 INFO  rootLogger:232 - ChromeDriver initialized
2018-06-04 16:58:42 INFO  rootLogger:232 - Class: Hooks; Method: closeBrowserAndTakeScreenShot
2018-06-04 16:58:42 INFO  rootLogger:232 - Scenario: Verify Payment Status on Dashboard complete.
2018-06-04 16:58:42 INFO  rootLogger:232 - Class: Hooks; Method: setUp
2018-06-04 16:58:42 INFO  rootLogger:232 - Scenario: Verify Payment Details using search in Payments starting.
2018-06-04 16:58:42 INFO  rootLogger:232 - Scenario Tag Name: @Sanity
2018-06-04 16:58:42 INFO  rootLogger:232 - Class: LoginStepdefs; Method: applicationLogin : Start
2018-06-04 16:58:42 INFO  rootLogger:232 - Class: Hooks; Method: openBrowser
2018-06-04 16:58:42 INFO  rootLogger:232 - userName: admin@huddil.com
2018-06-04 16:58:42 INFO  rootLogger:232 - Class: SetUpFile; Method: setUpBrowser
2018-06-04 16:58:44 INFO  rootLogger:232 - ChromeDriver initialized
2018-06-04 16:58:45 INFO  rootLogger:232 - Class: Hooks; Method: setDriver
2018-06-04 16:58:45 INFO  rootLogger:232 - get driver object
2018-06-04 16:58:45 INFO  rootLogger:232 - Class: SetUpFile; Method: openURL
2018-06-04 17:00:12 INFO  rootLogger:232 - Class: SetUpFile; Method: logInApplication
2018-06-04 17:00:12 INFO  rootLogger:232 - Class: UtilFunctions; Method: getJSONFileObjBasedOnPageName
2018-06-04 17:00:12 INFO  rootLogger:232 - Class: UtilFunctions; Method: getElementFromJSONFile
2018-06-04 17:00:12 INFO  rootLogger:232 - Return: username
2018-06-04 17:00:12 INFO  rootLogger:232 - Class: UtilFunctions; Method: getElementFromJSONFile
2018-06-04 17:00:12 INFO  rootLogger:232 - Return: password
2018-06-04 17:00:12 INFO  rootLogger:232 - Class: UtilFunctions; Method: getElementFromJSONFile
2018-06-04 17:00:12 INFO  rootLogger:232 - Return: null
2018-06-04 17:00:12 INFO  rootLogger:232 - Class: SeleniumFunctions; Method: findElement
2018-06-04 17:00:12 INFO  rootLogger:232 - Class: SeleniumFunctions; Method: explicitWait
2018-06-04 17:00:12 INFO  rootLogger:232 - frame: 
2018-06-04 17:00:12 INFO  rootLogger:232 - UserName: admin@huddil.com entered
2018-06-04 17:00:12 INFO  rootLogger:232 - Class: SeleniumFunctions; Method: findElement
2018-06-04 17:00:12 INFO  rootLogger:232 - Class: SeleniumFunctions; Method: explicitWait
2018-06-04 17:00:12 INFO  rootLogger:232 - frame: 
2018-06-04 17:00:12 INFO  rootLogger:232 - Password: password entered
2018-06-04 17:00:12 INFO  rootLogger:232 - Class: UtilFunctions; Method: getElementFromJSONFile
2018-06-04 17:00:12 INFO  rootLogger:232 - Return: //button[@class='consumerModuleButtons submitButton' and text()='Sign in']
2018-06-04 17:00:12 INFO  rootLogger:232 - Class: SeleniumFunctions; Method: setByValues
2018-06-04 17:00:12 INFO  rootLogger:232 - propField: //button[@class='consumerModuleButtons submitButton' and text()='Sign in']
2018-06-04 17:00:12 INFO  rootLogger:232 - switchType: xpath
2018-06-04 17:00:12 INFO  rootLogger:232 - switchValue: //button[@class='consumerModuleButtons submitButton' and text()='Sign in']
2018-06-04 17:00:12 INFO  rootLogger:232 - Class: SeleniumFunctions; Method: findElement
2018-06-04 17:00:12 INFO  rootLogger:232 - Class: SeleniumFunctions; Method: explicitWait
2018-06-04 17:00:12 INFO  rootLogger:232 - frame: 
2018-06-04 17:00:14 INFO  rootLogger:232 - Login button clicked
2018-06-04 17:00:14 INFO  rootLogger:232 - Class: SeleniumFunctions; Method: switchToNewWindow
2018-06-04 17:00:14 INFO  rootLogger:232 - parentWindow: CDwindow-1120326C2B3D86AE8D4B8D5B9246473A
2018-06-04 17:00:14 INFO  rootLogger:232 - windowHandle: CDwindow-1120326C2B3D86AE8D4B8D5B9246473A
2018-06-04 17:00:14 INFO  rootLogger:232 - Class: Hooks; Method: setDriver
2018-06-04 17:00:14 INFO  rootLogger:232 - get driver object
2018-06-04 17:00:14 INFO  rootLogger:232 - Class: LoginStepdefs; Method: applicationLogin : Complete
2018-06-04 17:00:14 INFO  rootLogger:232 - Class: GlobalStepdefs; Method: checkPageLoad : Start
2018-06-04 17:00:14 INFO  rootLogger:232 - Class: Hooks; Method: getDriver
2018-06-04 17:00:14 INFO  rootLogger:232 - get driver object
2018-06-04 17:00:14 INFO  rootLogger:232 - Class: Page; Method: findPage
2018-06-04 17:00:14 INFO  rootLogger:232 - Current tab name: Admin
2018-06-04 17:00:14 INFO  rootLogger:232 - PaneName: Admin
2018-06-04 17:00:14 INFO  rootLogger:232 - Class: UtilFunctions; Method: getJSONFileObjBasedOnPageName
2018-06-04 17:00:14 INFO  rootLogger:232 - Class: UtilFunctions; Method: getElementFromJSONFile
2018-06-04 17:00:14 INFO  rootLogger:232 - Exception: null
2018-06-04 17:00:14 INFO  rootLogger:232 - Pane xpath: null
2018-06-04 17:00:14 INFO  rootLogger:232 - Class: Hooks; Method: getDriver
2018-06-04 17:00:14 INFO  rootLogger:232 - get driver object
2018-06-04 17:00:14 INFO  rootLogger:232 - Class: SeleniumFunctions; Method: explicitWait
2018-06-04 17:00:14 INFO  rootLogger:232 - frame: 
2018-06-04 17:00:15 INFO  rootLogger:232 - Class: SeleniumFunctions; Method: findElement
2018-06-04 17:00:15 INFO  rootLogger:232 - Class: SeleniumFunctions; Method: explicitWait
2018-06-04 17:00:15 INFO  rootLogger:232 - frame: 
2018-06-04 17:00:16 INFO  rootLogger:232 - Class: GlobalStepdefs; Method: checkPageLoad : Complete
2018-06-04 17:00:16 INFO  rootLogger:232 - Class: GlobalStepdefs; Method: clickMiscElement : Start
2018-06-04 17:00:16 INFO  rootLogger:232 - Pagename: Admin
2018-06-04 17:00:16 INFO  rootLogger:232 - Class: Hooks; Method: getDriver
2018-06-04 17:00:16 INFO  rootLogger:232 - get driver object
2018-06-04 17:00:16 INFO  rootLogger:232 - Class: Page; Method: clickMiscElement
2018-06-04 17:00:16 INFO  rootLogger:232 - Current tab name: Admin
2018-06-04 17:00:16 INFO  rootLogger:232 - ImageName: Payments
2018-06-04 17:00:16 INFO  rootLogger:232 - Class: UtilFunctions; Method: getJSONFileObjBasedOnPageName
2018-06-04 17:00:16 INFO  rootLogger:232 - Class: UtilFunctions; Method: getElementStringAndType
2018-06-04 17:00:16 INFO  rootLogger:232 - Class: UtilFunctions; Method: getElementFromJSONFile
2018-06-04 17:00:16 INFO  rootLogger:232 - Return: //div[contains (@class,'sideMenuItem') and child::p[text()='Payments']]
2018-06-04 17:00:16 INFO  rootLogger:232 - Class: UtilFunctions; Method: getElementFromJSONFile
2018-06-04 17:00:16 INFO  rootLogger:232 - Return: //div[contains (@class,'sideMenuItem') and child::p[text()='Payments']]
2018-06-04 17:00:16 INFO  rootLogger:232 - xpath present
2018-06-04 17:00:16 INFO  rootLogger:232 - Class: SeleniumFunctions; Method: explicitWait
2018-06-04 17:00:16 INFO  rootLogger:232 - frame: //div[contains (@class,'sideMenuItem') and child::p[text()='Payments']];xpath
2018-06-04 17:00:16 INFO  rootLogger:232 - Class: SeleniumFunctions; Method: setByValues
2018-06-04 17:00:16 INFO  rootLogger:232 - propField: //div[contains (@class,'sideMenuItem') and child::p[text()='Payments']];xpath
2018-06-04 17:00:16 INFO  rootLogger:232 - switchType: xpath
2018-06-04 17:00:16 INFO  rootLogger:232 - switchValue: //div[contains (@class,'sideMenuItem') and child::p[text()='Payments']]
2018-06-04 17:00:16 INFO  rootLogger:232 - Class: SeleniumFunctions; Method: findElement
2018-06-04 17:00:16 INFO  rootLogger:232 - Class: SeleniumFunctions; Method: explicitWait
2018-06-04 17:00:16 INFO  rootLogger:232 - frame: 
2018-06-04 17:00:17 INFO  rootLogger:232 - Element: 'Payments' exist and clicked. Returning true.
2018-06-04 17:00:17 INFO  rootLogger:232 - Class: GlobalStepdefs; Method: selectFromDropdown : Start
2018-06-04 17:00:17 INFO  rootLogger:232 - Class: Hooks; Method: getDriver
2018-06-04 17:00:17 INFO  rootLogger:232 - get driver object
2018-06-04 17:00:17 INFO  rootLogger:232 - Class: Page; Method: selectDropDownInPane
2018-06-04 17:00:17 INFO  rootLogger:232 - Current tab name: Admin
2018-06-04 17:00:17 INFO  rootLogger:232 - Class: UtilFunctions; Method: getJSONFileObjBasedOnPageName
2018-06-04 17:00:17 INFO  rootLogger:232 - PaneName: Admin
2018-06-04 17:00:17 INFO  rootLogger:232 - Dropdown Name: SelectMonth
2018-06-04 17:00:17 INFO  rootLogger:232 - Class: UtilFunctions; Method: getElementStringAndType
2018-06-04 17:00:17 INFO  rootLogger:232 - Class: UtilFunctions; Method: getElementFromJSONFile
2018-06-04 17:00:17 INFO  rootLogger:232 - Return: null
2018-06-04 17:00:17 INFO  rootLogger:232 - Class: UtilFunctions; Method: getElementFromJSONFile
2018-06-04 17:00:17 INFO  rootLogger:232 - Return: select_month
2018-06-04 17:00:17 INFO  rootLogger:232 - Class: UtilFunctions; Method: getElementFromJSONFile
2018-06-04 17:00:17 INFO  rootLogger:232 - Return: select_month
2018-06-04 17:00:17 INFO  rootLogger:232 - id present
2018-06-04 17:00:17 INFO  rootLogger:232 - Class: Page; Method: selectDropDownOption
2018-06-04 17:00:17 INFO  rootLogger:232 - Class: SeleniumFunctions; Method: explicitWait
2018-06-04 17:00:17 INFO  rootLogger:232 - frame: select_month;id
2018-06-04 17:00:17 INFO  rootLogger:232 - Class: SeleniumFunctions; Method: setByValues
2018-06-04 17:00:17 INFO  rootLogger:232 - propField: select_month;id
2018-06-04 17:00:17 INFO  rootLogger:232 - switchType: id
2018-06-04 17:00:17 INFO  rootLogger:232 - switchValue: select_month
2018-06-04 17:00:17 INFO  rootLogger:232 - Class: SeleniumFunctions; Method: findElement
2018-06-04 17:00:17 INFO  rootLogger:232 - Class: SeleniumFunctions; Method: explicitWait
2018-06-04 17:00:17 INFO  rootLogger:232 - frame: 
2018-06-04 17:00:17 INFO  rootLogger:232 - Drop down element not null
2018-06-04 17:00:17 INFO  rootLogger:232 - Class: Page; Method: selectDropDownOption
2018-06-04 17:00:17 INFO  rootLogger:232 - Class: Page; Method: selectDropDownInPane
2018-06-04 17:00:17 INFO  rootLogger:232 - Class: GlobalStepdefs; Method: selectFromDropdown : Complete
2018-06-04 17:00:17 INFO  rootLogger:232 - Class: GlobalStepdefs; Method: selectFromDropdown : Start
2018-06-04 17:00:17 INFO  rootLogger:232 - Class: Hooks; Method: getDriver
2018-06-04 17:00:17 INFO  rootLogger:232 - get driver object
2018-06-04 17:00:17 INFO  rootLogger:232 - Class: Page; Method: selectDropDownInPane
2018-06-04 17:00:17 INFO  rootLogger:232 - Current tab name: Admin
2018-06-04 17:00:17 INFO  rootLogger:232 - Class: UtilFunctions; Method: getJSONFileObjBasedOnPageName
2018-06-04 17:00:17 INFO  rootLogger:232 - PaneName: Admin
2018-06-04 17:00:17 INFO  rootLogger:232 - Dropdown Name: SelectYear
2018-06-04 17:00:17 INFO  rootLogger:232 - Class: UtilFunctions; Method: getElementStringAndType
2018-06-04 17:00:17 INFO  rootLogger:232 - Class: UtilFunctions; Method: getElementFromJSONFile
2018-06-04 17:00:17 INFO  rootLogger:232 - Return: null
2018-06-04 17:00:17 INFO  rootLogger:232 - Class: UtilFunctions; Method: getElementFromJSONFile
2018-06-04 17:00:17 INFO  rootLogger:232 - Return: select_year
2018-06-04 17:00:17 INFO  rootLogger:232 - Class: UtilFunctions; Method: getElementFromJSONFile
2018-06-04 17:00:17 INFO  rootLogger:232 - Return: select_year
2018-06-04 17:00:17 INFO  rootLogger:232 - id present
2018-06-04 17:00:17 INFO  rootLogger:232 - Class: Page; Method: selectDropDownOption
2018-06-04 17:00:17 INFO  rootLogger:232 - Class: SeleniumFunctions; Method: explicitWait
2018-06-04 17:00:17 INFO  rootLogger:232 - frame: select_year;id
2018-06-04 17:00:17 INFO  rootLogger:232 - Class: SeleniumFunctions; Method: setByValues
2018-06-04 17:00:17 INFO  rootLogger:232 - propField: select_year;id
2018-06-04 17:00:17 INFO  rootLogger:232 - switchType: id
2018-06-04 17:00:17 INFO  rootLogger:232 - switchValue: select_year
2018-06-04 17:00:17 INFO  rootLogger:232 - Class: SeleniumFunctions; Method: findElement
2018-06-04 17:00:17 INFO  rootLogger:232 - Class: SeleniumFunctions; Method: explicitWait
2018-06-04 17:00:17 INFO  rootLogger:232 - frame: 
2018-06-04 17:00:17 INFO  rootLogger:232 - Drop down element not null
2018-06-04 17:00:17 INFO  rootLogger:232 - Class: Page; Method: selectDropDownOption
2018-06-04 17:00:17 INFO  rootLogger:232 - Class: Page; Method: selectDropDownInPane
2018-06-04 17:00:17 INFO  rootLogger:232 - Class: GlobalStepdefs; Method: selectFromDropdown : Complete
2018-06-04 17:00:17 INFO  rootLogger:232 - Class: GlobalStepdefs; Method: selectFromDropdown : Start
2018-06-04 17:00:17 INFO  rootLogger:232 - Class: Hooks; Method: getDriver
2018-06-04 17:00:17 INFO  rootLogger:232 - get driver object
2018-06-04 17:00:17 INFO  rootLogger:232 - Class: Page; Method: selectDropDownInPane
2018-06-04 17:00:17 INFO  rootLogger:232 - Current tab name: Admin
2018-06-04 17:00:17 INFO  rootLogger:232 - Class: UtilFunctions; Method: getJSONFileObjBasedOnPageName
2018-06-04 17:00:17 INFO  rootLogger:232 - PaneName: Admin
2018-06-04 17:00:17 INFO  rootLogger:232 - Dropdown Name: AllCities
2018-06-04 17:00:17 INFO  rootLogger:232 - Class: UtilFunctions; Method: getElementStringAndType
2018-06-04 17:00:17 INFO  rootLogger:232 - Class: UtilFunctions; Method: getElementFromJSONFile
2018-06-04 17:00:17 INFO  rootLogger:232 - Return: null
2018-06-04 17:00:17 INFO  rootLogger:232 - Class: UtilFunctions; Method: getElementFromJSONFile
2018-06-04 17:00:17 INFO  rootLogger:232 - Return: select_city
2018-06-04 17:00:17 INFO  rootLogger:232 - Class: UtilFunctions; Method: getElementFromJSONFile
2018-06-04 17:00:17 INFO  rootLogger:232 - Return: select_city
2018-06-04 17:00:17 INFO  rootLogger:232 - id present
2018-06-04 17:00:17 INFO  rootLogger:232 - Class: Page; Method: selectDropDownOption
2018-06-04 17:00:17 INFO  rootLogger:232 - Class: SeleniumFunctions; Method: explicitWait
2018-06-04 17:00:17 INFO  rootLogger:232 - frame: select_city;id
2018-06-04 17:00:17 INFO  rootLogger:232 - Class: SeleniumFunctions; Method: setByValues
2018-06-04 17:00:17 INFO  rootLogger:232 - propField: select_city;id
2018-06-04 17:00:17 INFO  rootLogger:232 - switchType: id
2018-06-04 17:00:17 INFO  rootLogger:232 - switchValue: select_city
2018-06-04 17:00:17 INFO  rootLogger:232 - Class: SeleniumFunctions; Method: findElement
2018-06-04 17:00:17 INFO  rootLogger:232 - Class: SeleniumFunctions; Method: explicitWait
2018-06-04 17:00:17 INFO  rootLogger:232 - frame: 
2018-06-04 17:00:17 INFO  rootLogger:232 - Drop down element not null
2018-06-04 17:00:18 INFO  rootLogger:232 - Class: Page; Method: selectDropDownOption
2018-06-04 17:00:18 INFO  rootLogger:232 - Class: Page; Method: selectDropDownInPane
2018-06-04 17:00:18 INFO  rootLogger:232 - Class: GlobalStepdefs; Method: selectFromDropdown : Complete
2018-06-04 17:00:18 INFO  rootLogger:232 - Class: GlobalStepdefs; Method: enterInTheField : Start
2018-06-04 17:00:18 INFO  rootLogger:232 - Class: Hooks; Method: getDriver
2018-06-04 17:00:18 INFO  rootLogger:232 - get driver object
2018-06-04 17:00:18 INFO  rootLogger:232 - Class: Page; Method: setTextBox
2018-06-04 17:00:18 INFO  rootLogger:232 - Current page name: Admin
2018-06-04 17:00:18 INFO  rootLogger:232 - Text box field name: ServiceProvider
2018-06-04 17:00:18 INFO  rootLogger:232 - Class: UtilFunctions; Method: getJSONFileObjBasedOnPageName
2018-06-04 17:00:18 INFO  rootLogger:232 - Class: UtilFunctions; Method: getElementStringAndType
2018-06-04 17:00:18 INFO  rootLogger:232 - Class: UtilFunctions; Method: getElementFromJSONFile
2018-06-04 17:00:18 INFO  rootLogger:232 - Return: null
2018-06-04 17:00:18 INFO  rootLogger:232 - Class: UtilFunctions; Method: getElementFromJSONFile
2018-06-04 17:00:18 INFO  rootLogger:232 - Return: input_spName
2018-06-04 17:00:18 INFO  rootLogger:232 - Class: UtilFunctions; Method: getElementFromJSONFile
2018-06-04 17:00:18 INFO  rootLogger:232 - Return: input_spName
2018-06-04 17:00:18 INFO  rootLogger:232 - id present
2018-06-04 17:00:18 INFO  rootLogger:232 - Text box textPath: input_spName
2018-06-04 17:00:18 INFO  rootLogger:232 - Text box textMethod: id
2018-06-04 17:00:19 INFO  rootLogger:232 - Class: Hooks; Method: getDriver
2018-06-04 17:00:19 INFO  rootLogger:232 - get driver object
2018-06-04 17:00:19 INFO  rootLogger:232 - Class: SeleniumFunctions; Method: setByValues
2018-06-04 17:00:19 INFO  rootLogger:232 - propField: input_spName;id
2018-06-04 17:00:19 INFO  rootLogger:232 - switchType: id
2018-06-04 17:00:19 INFO  rootLogger:232 - switchValue: input_spName
2018-06-04 17:00:19 INFO  rootLogger:232 - Class: SeleniumFunctions; Method: findElement
2018-06-04 17:00:19 INFO  rootLogger:232 - Class: SeleniumFunctions; Method: explicitWait
2018-06-04 17:00:19 INFO  rootLogger:232 - frame: 
2018-06-04 17:00:20 INFO  rootLogger:232 - Text box 'ServiceProvider' object not null. Entered Value: 'aparna.b@myapps-solutions.com'. Returning true.
2018-06-04 17:00:20 INFO  rootLogger:232 - Class: GlobalStepdefs; Method: enterInTheField : Complete
2018-06-04 17:00:20 INFO  rootLogger:232 - Class: GlobalStepdefs; Method: clickButton : Start
2018-06-04 17:00:20 INFO  rootLogger:232 - Class: Hooks; Method: getDriver
2018-06-04 17:00:20 INFO  rootLogger:232 - get driver object
2018-06-04 17:00:20 INFO  rootLogger:232 - Class: Page; Method: clickButton
2018-06-04 17:00:20 INFO  rootLogger:232 - Current page name: Admin
2018-06-04 17:00:20 INFO  rootLogger:232 - Button to be clicked: PaymentsSearch
2018-06-04 17:00:20 INFO  rootLogger:232 - Class: UtilFunctions; Method: getJSONFileObjBasedOnPageName
2018-06-04 17:00:20 INFO  rootLogger:232 - Class: UtilFunctions; Method: getElementStringAndType
2018-06-04 17:00:20 INFO  rootLogger:232 - Class: UtilFunctions; Method: getElementFromJSONFile
2018-06-04 17:00:20 INFO  rootLogger:232 - Return: null
2018-06-04 17:00:20 INFO  rootLogger:232 - Class: UtilFunctions; Method: getElementFromJSONFile
2018-06-04 17:00:20 INFO  rootLogger:232 - Return: button_search
2018-06-04 17:00:20 INFO  rootLogger:232 - Class: UtilFunctions; Method: getElementFromJSONFile
2018-06-04 17:00:20 INFO  rootLogger:232 - Return: button_search
2018-06-04 17:00:20 INFO  rootLogger:232 - id present
2018-06-04 17:00:20 INFO  rootLogger:232 - Class: SeleniumFunctions; Method: explicitWait
2018-06-04 17:00:20 INFO  rootLogger:232 - frame: button_search;id
2018-06-04 17:00:20 INFO  rootLogger:232 - Class: SeleniumFunctions; Method: setByValues
2018-06-04 17:00:20 INFO  rootLogger:232 - propField: button_search;id
2018-06-04 17:00:20 INFO  rootLogger:232 - switchType: id
2018-06-04 17:00:20 INFO  rootLogger:232 - switchValue: button_search
2018-06-04 17:00:20 INFO  rootLogger:232 - Class: SeleniumFunctions; Method: findElement
2018-06-04 17:00:20 INFO  rootLogger:232 - Class: SeleniumFunctions; Method: explicitWait
2018-06-04 17:00:20 INFO  rootLogger:232 - frame: 
2018-06-04 17:00:21 INFO  rootLogger:232 - Button 'PaymentsSearch' object not null and is clicked. Returning true.
2018-06-04 17:00:21 INFO  rootLogger:232 - Class: GlobalStepdefs; Method: clickButton : Complete
2018-06-04 17:00:21 INFO  rootLogger:232 - Class: Hooks; Method: closeBrowserAndTakeScreenShot
2018-06-04 17:00:21 INFO  rootLogger:232 - Scenario: Verify Payment Details using search in Payments complete.
2018-06-04 17:00:21 INFO  rootLogger:232 - Class: Hooks; Method: setUp
2018-06-04 17:00:21 INFO  rootLogger:232 - Scenario: Verify Search & Block Users in Users starting.
2018-06-04 17:00:21 INFO  rootLogger:232 - Scenario Tag Name: @Sanity
2018-06-04 17:00:21 INFO  rootLogger:232 - Class: LoginStepdefs; Method: applicationLogin : Start
2018-06-04 17:00:21 INFO  rootLogger:232 - Class: Hooks; Method: openBrowser
2018-06-04 17:00:21 INFO  rootLogger:232 - userName: admin@huddil.com
2018-06-04 17:00:21 INFO  rootLogger:232 - Class: Hooks; Method: closeBrowser
2018-06-04 17:00:22 INFO  rootLogger:232 - Browser closed
2018-06-04 17:00:22 INFO  rootLogger:232 - Tried to kill process with PID: 6744
2018-06-04 17:00:22 INFO  rootLogger:232 - Class: SetUpFile; Method: setUpBrowser
2018-06-04 17:00:24 INFO  rootLogger:232 - ChromeDriver initialized
2018-06-04 17:00:25 INFO  rootLogger:232 - No child process chrome.exe found for parent process 6712.
2018-06-04 17:00:25 INFO  rootLogger:232 - Class: Hooks; Method: setDriver
2018-06-04 17:00:25 INFO  rootLogger:232 - get driver object
2018-06-04 17:00:25 INFO  rootLogger:232 - Class: SetUpFile; Method: openURL
2018-06-04 17:00:29 INFO  rootLogger:232 - Class: Hooks; Method: closeBrowserAndTakeScreenShot
2018-06-04 17:00:29 INFO  rootLogger:232 - Scenario: Verify Search & Block Users in Users - Failed
2018-06-04 17:00:29 INFO  rootLogger:232 - Class: Hooks; Method: takeScreenShot
2018-06-04 17:00:30 INFO  rootLogger:232 - Browser closed
2018-06-04 17:00:30 INFO  rootLogger:232 - Tried to kill process with PID: 
2018-06-04 17:00:30 INFO  rootLogger:232 - Scenario: Verify Search & Block Users in Users complete.
2018-06-04 17:00:30 INFO  rootLogger:232 - Class: Hooks; Method: setUp
2018-06-04 17:00:30 INFO  rootLogger:232 - Scenario: Verify Service Provider Details view in Users starting.
2018-06-04 17:00:30 INFO  rootLogger:232 - Scenario Tag Name: @Sanity
2018-06-04 17:00:30 INFO  rootLogger:232 - Class: LoginStepdefs; Method: applicationLogin : Start
2018-06-04 17:00:30 INFO  rootLogger:232 - Class: Hooks; Method: openBrowser
2018-06-04 17:00:30 INFO  rootLogger:232 - userName: admin@huddil.com
2018-06-04 17:00:30 INFO  rootLogger:232 - Class: SetUpFile; Method: setUpBrowser
2018-06-04 17:00:32 INFO  rootLogger:232 - ChromeDriver initialized
2018-06-04 17:00:33 INFO  rootLogger:232 - Class: Hooks; Method: closeBrowserAndTakeScreenShot
2018-06-04 17:00:33 INFO  rootLogger:232 - Scenario: Verify Service Provider Details view in Users complete.
2018-06-04 17:00:33 INFO  rootLogger:232 - Class: Hooks; Method: setUp
2018-06-04 17:00:33 INFO  rootLogger:232 - Scenario: Verify Service Provider Commission update starting.
2018-06-04 17:00:33 INFO  rootLogger:232 - Scenario Tag Name: @Sanity
2018-06-04 17:00:33 INFO  rootLogger:232 - Class: LoginStepdefs; Method: applicationLogin : Start
2018-06-04 17:00:33 INFO  rootLogger:232 - Class: Hooks; Method: openBrowser
2018-06-04 17:00:33 INFO  rootLogger:232 - userName: admin@huddil.com
2018-06-04 17:00:33 INFO  rootLogger:232 - Class: SetUpFile; Method: setUpBrowser
2018-06-04 17:00:35 INFO  rootLogger:232 - ChromeDriver initialized
2018-06-04 17:00:36 INFO  rootLogger:232 - Class: Hooks; Method: closeBrowserAndTakeScreenShot
2018-06-04 17:00:36 INFO  rootLogger:232 - Scenario: Verify Service Provider Commission update complete.
2018-06-04 17:00:36 INFO  rootLogger:232 - Class: Hooks; Method: setUp
2018-06-04 17:00:36 INFO  rootLogger:232 - Scenario: Verify Adding "New Adviser" starting.
2018-06-04 17:00:36 INFO  rootLogger:232 - Scenario Tag Name: @Sanity
2018-06-04 17:00:36 INFO  rootLogger:232 - Class: LoginStepdefs; Method: applicationLogin : Start
2018-06-04 17:00:36 INFO  rootLogger:232 - Class: Hooks; Method: openBrowser
2018-06-04 17:00:36 INFO  rootLogger:232 - userName: admin@huddil.com
2018-06-04 17:00:36 INFO  rootLogger:232 - Class: SetUpFile; Method: setUpBrowser
2018-06-04 17:00:38 INFO  rootLogger:232 - ChromeDriver initialized
2018-06-04 17:00:39 INFO  rootLogger:232 - No child process chrome.exe found for parent process 6712.
2018-06-04 17:00:39 INFO  rootLogger:232 - Class: Hooks; Method: setDriver
2018-06-04 17:00:39 INFO  rootLogger:232 - get driver object
2018-06-04 17:00:39 INFO  rootLogger:232 - Class: SetUpFile; Method: openURL
2018-06-04 17:00:44 INFO  rootLogger:232 - Class: Hooks; Method: closeBrowserAndTakeScreenShot
2018-06-04 17:00:44 INFO  rootLogger:232 - Scenario: Verify Adding "New Adviser" - Failed
2018-06-04 17:00:44 INFO  rootLogger:232 - Class: Hooks; Method: takeScreenShot
2018-06-04 17:00:45 INFO  rootLogger:232 - Browser closed
2018-06-04 17:00:45 INFO  rootLogger:232 - Tried to kill process with PID: 
2018-06-04 17:00:45 INFO  rootLogger:232 - Scenario: Verify Adding "New Adviser" complete.
2018-06-04 17:00:45 INFO  rootLogger:232 - Class: Hooks; Method: setUp
2018-06-04 17:00:45 INFO  rootLogger:232 - Scenario: Verify Search Facility starting.
2018-06-04 17:00:45 INFO  rootLogger:232 - Scenario Tag Name: @Sanity
2018-06-04 17:00:45 INFO  rootLogger:232 - Class: LoginStepdefs; Method: applicationLogin : Start
2018-06-04 17:00:45 INFO  rootLogger:232 - Class: Hooks; Method: openBrowser
2018-06-04 17:00:45 INFO  rootLogger:232 - userName: admin@huddil.com
2018-06-04 17:00:45 INFO  rootLogger:232 - Class: SetUpFile; Method: setUpBrowser
2018-06-04 17:00:46 INFO  rootLogger:232 - ChromeDriver initialized
2018-06-04 17:00:48 INFO  rootLogger:232 - No child process chrome.exe found for parent process 6712.
2018-06-04 17:00:48 INFO  rootLogger:232 - Class: Hooks; Method: setDriver
2018-06-04 17:00:48 INFO  rootLogger:232 - get driver object
2018-06-04 17:00:48 INFO  rootLogger:232 - Class: SetUpFile; Method: openURL
2018-06-04 17:00:48 INFO  rootLogger:232 - Class: Hooks; Method: closeBrowserAndTakeScreenShot
2018-06-04 17:00:48 INFO  rootLogger:232 - Scenario: Verify Search Facility - Failed
2018-06-04 17:00:48 INFO  rootLogger:232 - Class: Hooks; Method: takeScreenShot
2018-06-04 17:00:49 INFO  rootLogger:232 - Browser closed
2018-06-04 17:00:49 INFO  rootLogger:232 - Tried to kill process with PID: 
2018-06-04 17:00:49 INFO  rootLogger:232 - Scenario: Verify Search Facility complete.
2018-06-04 17:00:49 INFO  rootLogger:232 - Class: Hooks; Method: setUp
2018-06-04 17:00:49 INFO  rootLogger:232 - Scenario: Verify Search & Block Facility starting.
2018-06-04 17:00:49 INFO  rootLogger:232 - Scenario Tag Name: @Sanity
2018-06-04 17:00:49 INFO  rootLogger:232 - Class: LoginStepdefs; Method: applicationLogin : Start
2018-06-04 17:00:49 INFO  rootLogger:232 - Class: Hooks; Method: openBrowser
2018-06-04 17:00:49 INFO  rootLogger:232 - userName: admin@huddil.com
2018-06-04 17:00:49 INFO  rootLogger:232 - Class: SetUpFile; Method: setUpBrowser
2018-06-04 17:00:51 INFO  rootLogger:232 - ChromeDriver initialized
2018-06-04 17:00:57 INFO  rootLogger:232 - No child process chrome.exe found for parent process 6712.
2018-06-04 17:00:57 INFO  rootLogger:232 - Class: Hooks; Method: setDriver
2018-06-04 17:00:57 INFO  rootLogger:232 - get driver object
2018-06-04 17:00:57 INFO  rootLogger:232 - Class: SetUpFile; Method: openURL
2018-06-04 17:01:01 INFO  rootLogger:232 - URL: http://198.1.85.118/ not present. ABORTING!!
2018-06-04 17:01:01 INFO  rootLogger:232 - Class: Hooks; Method: closeBrowserAndTakeScreenShot
2018-06-04 17:01:01 INFO  rootLogger:232 - Scenario: Verify Search & Block Facility - Failed
2018-06-04 17:01:01 INFO  rootLogger:232 - Class: Hooks; Method: takeScreenShot
2018-06-04 17:01:06 INFO  rootLogger:232 - Browser closed
2018-06-04 17:01:06 INFO  rootLogger:232 - Tried to kill process with PID: 
2018-06-04 17:01:06 INFO  rootLogger:232 - Scenario: Verify Search & Block Facility complete.
2018-06-04 17:01:06 INFO  rootLogger:232 - Class: Hooks; Method: setUp
2018-06-04 17:01:06 INFO  rootLogger:232 - Scenario: Verify Adding Policy starting.
2018-06-04 17:01:06 INFO  rootLogger:232 - Scenario Tag Name: @Sanity
2018-06-04 17:01:06 INFO  rootLogger:232 - Class: LoginStepdefs; Method: applicationLogin : Start
2018-06-04 17:01:06 INFO  rootLogger:232 - Class: Hooks; Method: openBrowser
2018-06-04 17:01:06 INFO  rootLogger:232 - userName: admin@huddil.com
2018-06-04 17:01:06 INFO  rootLogger:232 - Class: SetUpFile; Method: setUpBrowser
2018-06-04 17:01:08 INFO  rootLogger:232 - ChromeDriver initialized
2018-06-04 17:01:14 INFO  rootLogger:232 - No child process chrome.exe found for parent process 6712.
2018-06-04 17:01:14 INFO  rootLogger:232 - Class: Hooks; Method: setDriver
2018-06-04 17:01:14 INFO  rootLogger:232 - get driver object
2018-06-04 17:01:14 INFO  rootLogger:232 - Class: SetUpFile; Method: openURL
2018-06-04 17:01:18 INFO  rootLogger:232 - URL: http://198.1.85.118/ not present. ABORTING!!
2018-06-04 17:01:18 INFO  rootLogger:232 - Class: Hooks; Method: closeBrowserAndTakeScreenShot
2018-06-04 17:01:18 INFO  rootLogger:232 - Scenario: Verify Adding Policy - Failed
2018-06-04 17:01:18 INFO  rootLogger:232 - Class: Hooks; Method: takeScreenShot
2018-06-04 17:01:23 INFO  rootLogger:232 - Browser closed
2018-06-04 17:01:23 INFO  rootLogger:232 - Tried to kill process with PID: 
2018-06-04 17:01:23 INFO  rootLogger:232 - Scenario: Verify Adding Policy complete.
2018-06-04 17:01:23 INFO  rootLogger:232 - Class: Hooks; Method: setUp
2018-06-04 17:01:23 INFO  rootLogger:232 - Scenario: Verify Adding Amenity starting.
2018-06-04 17:01:23 INFO  rootLogger:232 - Scenario Tag Name: @Sanity
2018-06-04 17:01:23 INFO  rootLogger:232 - Class: LoginStepdefs; Method: applicationLogin : Start
2018-06-04 17:01:23 INFO  rootLogger:232 - Class: Hooks; Method: openBrowser
2018-06-04 17:01:23 INFO  rootLogger:232 - userName: admin@huddil.com
2018-06-04 17:01:23 INFO  rootLogger:232 - Class: SetUpFile; Method: setUpBrowser
2018-06-04 17:01:25 INFO  rootLogger:232 - ChromeDriver initialized
2018-06-04 17:01:31 INFO  rootLogger:232 - No child process chrome.exe found for parent process 6712.
2018-06-04 17:01:31 INFO  rootLogger:232 - Class: Hooks; Method: setDriver
2018-06-04 17:01:31 INFO  rootLogger:232 - get driver object
2018-06-04 17:01:31 INFO  rootLogger:232 - Class: SetUpFile; Method: openURL
2018-06-04 17:01:35 INFO  rootLogger:232 - URL: http://198.1.85.118/ not present. ABORTING!!
2018-06-04 17:01:35 INFO  rootLogger:232 - Class: Hooks; Method: closeBrowserAndTakeScreenShot
2018-06-04 17:01:35 INFO  rootLogger:232 - Scenario: Verify Adding Amenity - Failed
2018-06-04 17:01:35 INFO  rootLogger:232 - Class: Hooks; Method: takeScreenShot
2018-06-04 17:01:39 INFO  rootLogger:232 - Browser closed
2018-06-04 17:01:39 INFO  rootLogger:232 - Tried to kill process with PID: 
2018-06-04 17:01:39 INFO  rootLogger:232 - Scenario: Verify Adding Amenity complete.
2018-06-04 17:01:39 INFO  rootLogger:232 - Class: Hooks; Method: setUp
2018-06-04 17:01:39 INFO  rootLogger:232 - Scenario: Verify Adding City starting.
2018-06-04 17:01:39 INFO  rootLogger:232 - Scenario Tag Name: @Sanity
2018-06-04 17:01:39 INFO  rootLogger:232 - Class: LoginStepdefs; Method: applicationLogin : Start
2018-06-04 17:01:39 INFO  rootLogger:232 - Class: Hooks; Method: openBrowser
2018-06-04 17:01:39 INFO  rootLogger:232 - userName: admin@huddil.com
2018-06-04 17:01:39 INFO  rootLogger:232 - Class: SetUpFile; Method: setUpBrowser
2018-06-04 17:01:41 INFO  rootLogger:232 - ChromeDriver initialized
2018-06-04 17:01:43 INFO  rootLogger:232 - No child process chrome.exe found for parent process 6712.
2018-06-04 17:01:43 INFO  rootLogger:232 - Class: Hooks; Method: setDriver
2018-06-04 17:01:43 INFO  rootLogger:232 - get driver object
2018-06-04 17:01:43 INFO  rootLogger:232 - Class: SetUpFile; Method: openURL
2018-06-04 17:01:54 INFO  rootLogger:232 - Class: SetUpFile; Method: logInApplication
2018-06-04 17:01:54 INFO  rootLogger:232 - Class: UtilFunctions; Method: getJSONFileObjBasedOnPageName
2018-06-04 17:01:54 INFO  rootLogger:232 - Class: UtilFunctions; Method: getElementFromJSONFile
2018-06-04 17:01:54 INFO  rootLogger:232 - Return: username
2018-06-04 17:01:54 INFO  rootLogger:232 - Class: UtilFunctions; Method: getElementFromJSONFile
2018-06-04 17:01:54 INFO  rootLogger:232 - Return: password
2018-06-04 17:01:54 INFO  rootLogger:232 - Class: UtilFunctions; Method: getElementFromJSONFile
2018-06-04 17:01:54 INFO  rootLogger:232 - Return: null
2018-06-04 17:01:54 INFO  rootLogger:232 - Class: SeleniumFunctions; Method: findElement
2018-06-04 17:01:54 INFO  rootLogger:232 - Class: SeleniumFunctions; Method: explicitWait
2018-06-04 17:01:54 INFO  rootLogger:232 - frame: 
2018-06-04 17:01:55 INFO  rootLogger:232 - UserName: admin@huddil.com entered
2018-06-04 17:01:55 INFO  rootLogger:232 - Class: SeleniumFunctions; Method: findElement
2018-06-04 17:01:55 INFO  rootLogger:232 - Class: SeleniumFunctions; Method: explicitWait
2018-06-04 17:01:55 INFO  rootLogger:232 - frame: 
2018-06-04 17:01:55 INFO  rootLogger:232 - Password: password entered
2018-06-04 17:01:55 INFO  rootLogger:232 - Class: UtilFunctions; Method: getElementFromJSONFile
2018-06-04 17:01:55 INFO  rootLogger:232 - Return: //button[@class='consumerModuleButtons submitButton' and text()='Sign in']
2018-06-04 17:01:55 INFO  rootLogger:232 - Class: SeleniumFunctions; Method: setByValues
2018-06-04 17:01:55 INFO  rootLogger:232 - propField: //button[@class='consumerModuleButtons submitButton' and text()='Sign in']
2018-06-04 17:01:55 INFO  rootLogger:232 - switchType: xpath
2018-06-04 17:01:55 INFO  rootLogger:232 - switchValue: //button[@class='consumerModuleButtons submitButton' and text()='Sign in']
2018-06-04 17:01:55 INFO  rootLogger:232 - Class: SeleniumFunctions; Method: findElement
2018-06-04 17:01:55 INFO  rootLogger:232 - Class: SeleniumFunctions; Method: explicitWait
2018-06-04 17:01:55 INFO  rootLogger:232 - frame: 
2018-06-04 17:01:57 INFO  rootLogger:232 - Login button clicked
2018-06-04 17:01:57 INFO  rootLogger:232 - Class: SeleniumFunctions; Method: switchToNewWindow
2018-06-04 17:01:57 INFO  rootLogger:232 - parentWindow: CDwindow-90F5178EB6908F1ECEF30D96DD9E4B65
2018-06-04 17:01:57 INFO  rootLogger:232 - windowHandle: CDwindow-90F5178EB6908F1ECEF30D96DD9E4B65
2018-06-04 17:01:57 INFO  rootLogger:232 - Class: Hooks; Method: setDriver
2018-06-04 17:01:57 INFO  rootLogger:232 - get driver object
2018-06-04 17:01:57 INFO  rootLogger:232 - Class: LoginStepdefs; Method: applicationLogin : Complete
2018-06-04 17:01:57 INFO  rootLogger:232 - Class: GlobalStepdefs; Method: checkPageLoad : Start
2018-06-04 17:01:57 INFO  rootLogger:232 - Class: Hooks; Method: getDriver
2018-06-04 17:01:57 INFO  rootLogger:232 - get driver object
2018-06-04 17:01:57 INFO  rootLogger:232 - Class: Page; Method: findPage
2018-06-04 17:01:57 INFO  rootLogger:232 - Current tab name: Admin
2018-06-04 17:01:57 INFO  rootLogger:232 - PaneName: Admin
2018-06-04 17:01:57 INFO  rootLogger:232 - Class: UtilFunctions; Method: getJSONFileObjBasedOnPageName
2018-06-04 17:01:57 INFO  rootLogger:232 - Class: UtilFunctions; Method: getElementFromJSONFile
2018-06-04 17:01:57 INFO  rootLogger:232 - Exception: null
2018-06-04 17:01:57 INFO  rootLogger:232 - Pane xpath: null
2018-06-04 17:01:57 INFO  rootLogger:232 - Class: Hooks; Method: getDriver
2018-06-04 17:01:57 INFO  rootLogger:232 - get driver object
2018-06-04 17:01:57 INFO  rootLogger:232 - Class: SeleniumFunctions; Method: explicitWait
2018-06-04 17:01:57 INFO  rootLogger:232 - frame: 
2018-06-04 17:01:59 INFO  rootLogger:232 - Class: SeleniumFunctions; Method: findElement
2018-06-04 17:01:59 INFO  rootLogger:232 - Class: SeleniumFunctions; Method: explicitWait
2018-06-04 17:01:59 INFO  rootLogger:232 - frame: 
2018-06-04 17:01:59 INFO  rootLogger:232 - Class: GlobalStepdefs; Method: checkPageLoad : Complete
2018-06-04 17:01:59 INFO  rootLogger:232 - Class: GlobalStepdefs; Method: clickMiscElement : Start
2018-06-04 17:01:59 INFO  rootLogger:232 - Pagename: Admin
2018-06-04 17:01:59 INFO  rootLogger:232 - Class: Hooks; Method: getDriver
2018-06-04 17:01:59 INFO  rootLogger:232 - get driver object
2018-06-04 17:01:59 INFO  rootLogger:232 - Class: Page; Method: clickMiscElement
2018-06-04 17:01:59 INFO  rootLogger:232 - Current tab name: Admin
2018-06-04 17:01:59 INFO  rootLogger:232 - ImageName: Locations
2018-06-04 17:01:59 INFO  rootLogger:232 - Class: UtilFunctions; Method: getJSONFileObjBasedOnPageName
2018-06-04 17:01:59 INFO  rootLogger:232 - Class: UtilFunctions; Method: getElementStringAndType
2018-06-04 17:01:59 INFO  rootLogger:232 - Class: UtilFunctions; Method: getElementFromJSONFile
2018-06-04 17:01:59 INFO  rootLogger:232 - Return: //div[contains (@class,  'sideMenuItem') and child::p[text()='Locations']]
2018-06-04 17:01:59 INFO  rootLogger:232 - Class: UtilFunctions; Method: getElementFromJSONFile
2018-06-04 17:01:59 INFO  rootLogger:232 - Return: //div[contains (@class,  'sideMenuItem') and child::p[text()='Locations']]
2018-06-04 17:01:59 INFO  rootLogger:232 - xpath present
2018-06-04 17:01:59 INFO  rootLogger:232 - Class: SeleniumFunctions; Method: explicitWait
2018-06-04 17:01:59 INFO  rootLogger:232 - frame: //div[contains (@class,  'sideMenuItem') and child::p[text()='Locations']];xpath
2018-06-04 17:01:59 INFO  rootLogger:232 - Class: SeleniumFunctions; Method: setByValues
2018-06-04 17:01:59 INFO  rootLogger:232 - propField: //div[contains (@class,  'sideMenuItem') and child::p[text()='Locations']];xpath
2018-06-04 17:01:59 INFO  rootLogger:232 - switchType: xpath
2018-06-04 17:01:59 INFO  rootLogger:232 - switchValue: //div[contains (@class,  'sideMenuItem') and child::p[text()='Locations']]
2018-06-04 17:01:59 INFO  rootLogger:232 - Class: SeleniumFunctions; Method: findElement
2018-06-04 17:01:59 INFO  rootLogger:232 - Class: SeleniumFunctions; Method: explicitWait
2018-06-04 17:01:59 INFO  rootLogger:232 - frame: 
2018-06-04 17:02:00 INFO  rootLogger:232 - Element: 'Locations' exist and clicked. Returning true.
2018-06-04 17:02:00 INFO  rootLogger:232 - Class: GlobalStepdefs; Method: clickButton : Start
2018-06-04 17:02:00 INFO  rootLogger:232 - Class: Hooks; Method: getDriver
2018-06-04 17:02:00 INFO  rootLogger:232 - get driver object
2018-06-04 17:02:00 INFO  rootLogger:232 - Class: Page; Method: clickButton
2018-06-04 17:02:00 INFO  rootLogger:232 - Current page name: Admin
2018-06-04 17:02:00 INFO  rootLogger:232 - Button to be clicked: AddCity
2018-06-04 17:02:00 INFO  rootLogger:232 - Class: UtilFunctions; Method: getJSONFileObjBasedOnPageName
2018-06-04 17:02:00 INFO  rootLogger:232 - Class: UtilFunctions; Method: getElementStringAndType
2018-06-04 17:02:00 INFO  rootLogger:232 - Class: UtilFunctions; Method: getElementFromJSONFile
2018-06-04 17:02:00 INFO  rootLogger:232 - Return: //button[@class='addButton adminButton']
2018-06-04 17:02:00 INFO  rootLogger:232 - Class: UtilFunctions; Method: getElementFromJSONFile
2018-06-04 17:02:00 INFO  rootLogger:232 - Return: //button[@class='addButton adminButton']
2018-06-04 17:02:00 INFO  rootLogger:232 - xpath present
2018-06-04 17:02:00 INFO  rootLogger:232 - Class: SeleniumFunctions; Method: explicitWait
2018-06-04 17:02:00 INFO  rootLogger:232 - frame: //button[@class='addButton adminButton'];xpath
2018-06-04 17:02:01 INFO  rootLogger:232 - Class: SeleniumFunctions; Method: setByValues
2018-06-04 17:02:01 INFO  rootLogger:232 - propField: //button[@class='addButton adminButton'];xpath
2018-06-04 17:02:01 INFO  rootLogger:232 - switchType: xpath
2018-06-04 17:02:01 INFO  rootLogger:232 - switchValue: //button[@class='addButton adminButton']
2018-06-04 17:02:01 INFO  rootLogger:232 - Class: SeleniumFunctions; Method: findElement
2018-06-04 17:02:01 INFO  rootLogger:232 - Class: SeleniumFunctions; Method: explicitWait
2018-06-04 17:02:01 INFO  rootLogger:232 - frame: 
2018-06-04 17:02:02 INFO  rootLogger:232 - Button 'AddCity' object not null and is clicked. Returning true.
2018-06-04 17:02:02 INFO  rootLogger:232 - Class: GlobalStepdefs; Method: clickButton : Complete
2018-06-04 17:02:02 INFO  rootLogger:232 - Class: GlobalStepdefs; Method: enterInTheField : Start
2018-06-04 17:02:02 INFO  rootLogger:232 - Class: Hooks; Method: getDriver
2018-06-04 17:02:02 INFO  rootLogger:232 - get driver object
2018-06-04 17:02:02 INFO  rootLogger:232 - Class: Page; Method: setTextBox
2018-06-04 17:02:02 INFO  rootLogger:232 - Current page name: Admin
2018-06-04 17:02:02 INFO  rootLogger:232 - Text box field name: CityName
2018-06-04 17:02:02 INFO  rootLogger:232 - Class: UtilFunctions; Method: getJSONFileObjBasedOnPageName
2018-06-04 17:02:02 INFO  rootLogger:232 - Class: UtilFunctions; Method: getElementStringAndType
2018-06-04 17:02:02 INFO  rootLogger:232 - Class: UtilFunctions; Method: getElementFromJSONFile
2018-06-04 17:02:02 INFO  rootLogger:232 - Return: null
2018-06-04 17:02:02 INFO  rootLogger:232 - Class: UtilFunctions; Method: getElementFromJSONFile
2018-06-04 17:02:02 INFO  rootLogger:232 - Return: input_cityName
2018-06-04 17:02:02 INFO  rootLogger:232 - Class: UtilFunctions; Method: getElementFromJSONFile
2018-06-04 17:02:02 INFO  rootLogger:232 - Return: input_cityName
2018-06-04 17:02:02 INFO  rootLogger:232 - id present
2018-06-04 17:02:02 INFO  rootLogger:232 - Text box textPath: input_cityName
2018-06-04 17:02:02 INFO  rootLogger:232 - Text box textMethod: id
2018-06-04 17:02:03 INFO  rootLogger:232 - Class: Hooks; Method: getDriver
2018-06-04 17:02:03 INFO  rootLogger:232 - get driver object
2018-06-04 17:02:03 INFO  rootLogger:232 - Class: SeleniumFunctions; Method: setByValues
2018-06-04 17:02:03 INFO  rootLogger:232 - propField: input_cityName;id
2018-06-04 17:02:03 INFO  rootLogger:232 - switchType: id
2018-06-04 17:02:03 INFO  rootLogger:232 - switchValue: input_cityName
2018-06-04 17:02:03 INFO  rootLogger:232 - Class: SeleniumFunctions; Method: findElement
2018-06-04 17:02:03 INFO  rootLogger:232 - Class: SeleniumFunctions; Method: explicitWait
2018-06-04 17:02:03 INFO  rootLogger:232 - frame: 
2018-06-04 17:02:07 INFO  rootLogger:232 - Text box 'CityName' object not null. Entered Value: 'Jaipur'. Returning true.
2018-06-04 17:02:07 INFO  rootLogger:232 - Class: GlobalStepdefs; Method: enterInTheField : Complete
2018-06-04 17:02:07 INFO  rootLogger:232 - Class: GlobalStepdefs; Method: clickButton : Start
2018-06-04 17:02:07 INFO  rootLogger:232 - Class: Hooks; Method: getDriver
2018-06-04 17:02:07 INFO  rootLogger:232 - get driver object
2018-06-04 17:02:07 INFO  rootLogger:232 - Class: Page; Method: clickButton
2018-06-04 17:02:07 INFO  rootLogger:232 - Current page name: Admin
2018-06-04 17:02:07 INFO  rootLogger:232 - Button to be clicked: Save
2018-06-04 17:02:07 INFO  rootLogger:232 - Class: UtilFunctions; Method: getJSONFileObjBasedOnPageName
2018-06-04 17:02:07 INFO  rootLogger:232 - Class: UtilFunctions; Method: getElementStringAndType
2018-06-04 17:02:07 INFO  rootLogger:232 - Class: UtilFunctions; Method: getElementFromJSONFile
2018-06-04 17:02:07 INFO  rootLogger:232 - Return: null
2018-06-04 17:02:07 INFO  rootLogger:232 - Class: UtilFunctions; Method: getElementFromJSONFile
2018-06-04 17:02:07 INFO  rootLogger:232 - Return: button_save
2018-06-04 17:02:07 INFO  rootLogger:232 - Class: UtilFunctions; Method: getElementFromJSONFile
2018-06-04 17:02:07 INFO  rootLogger:232 - Return: button_save
2018-06-04 17:02:07 INFO  rootLogger:232 - id present
2018-06-04 17:02:07 INFO  rootLogger:232 - Class: SeleniumFunctions; Method: explicitWait
2018-06-04 17:02:07 INFO  rootLogger:232 - frame: button_save;id
2018-06-04 17:02:11 INFO  rootLogger:232 - Element not found after timeout of 10 seconds. Exception: chrome not reachable
  (Session info: chrome=66.0.3359.181)
  (Driver info: chromedriver=2.35.528161 (5b82f2d2aae0ca24b877009200ced9065a772e73),platform=Windows NT 6.1.7601 SP1 x86_64) (WARNING: The server did not provide any stacktrace information)
Command duration or timeout: 0 milliseconds
Build info: version: '3.5.3', revision: 'a88d25fe6b', time: '2017-08-29T12:42:44.417Z'
System info: host: 'LENOVO-PC', ip: '192.168.2.136', os.name: 'Windows 7', os.arch: 'amd64', os.version: '6.1', java.version: '1.8.0_162'
Driver info: org.openqa.selenium.chrome.ChromeDriver
Capabilities [{mobileEmulationEnabled=false, hasTouchScreen=false, platform=XP, acceptSslCerts=false, acceptInsecureCerts=false, webStorageEnabled=true, browserName=chrome, takesScreenshot=true, javascriptEnabled=true, platformName=XP, setWindowRect=true, unexpectedAlertBehaviour=, applicationCacheEnabled=false, rotatable=false, networkConnectionEnabled=false, chrome={chromedriverVersion=2.35.528161 (5b82f2d2aae0ca24b877009200ced9065a772e73), userDataDir=C:\Users\Lenovo\AppData\Local\Temp\scoped_dir8260_12032}, takesHeapSnapshot=true, pageLoadStrategy=normal, unhandledPromptBehavior=, databaseEnabled=false, handlesAlerts=true, version=66.0.3359.181, browserConnectionEnabled=false, nativeEvents=true, locationContextEnabled=true, cssSelectorsEnabled=true}]
Session ID: 090b4cb52c6e6d6c326815555eeae079
*** Element info: {Using=id, value=button_save}
2018-06-04 17:02:11 INFO  rootLogger:232 - Class: SeleniumFunctions; Method: setByValues
2018-06-04 17:02:11 INFO  rootLogger:232 - propField: button_save;id
2018-06-04 17:02:11 INFO  rootLogger:232 - switchType: id
2018-06-04 17:02:11 INFO  rootLogger:232 - switchValue: button_save
2018-06-04 17:02:11 INFO  rootLogger:232 - Class: SeleniumFunctions; Method: findElement
2018-06-04 17:02:11 INFO  rootLogger:232 - Class: SeleniumFunctions; Method: explicitWait
2018-06-04 17:02:11 INFO  rootLogger:232 - frame: 
2018-06-04 17:02:15 INFO  rootLogger:232 - Element not found after timeout of 1 seconds. Exception: chrome not reachable
  (Session info: chrome=66.0.3359.181)
  (Driver info: chromedriver=2.35.528161 (5b82f2d2aae0ca24b877009200ced9065a772e73),platform=Windows NT 6.1.7601 SP1 x86_64) (WARNING: The server did not provide any stacktrace information)
Command duration or timeout: 0 milliseconds
Build info: version: '3.5.3', revision: 'a88d25fe6b', time: '2017-08-29T12:42:44.417Z'
System info: host: 'LENOVO-PC', ip: '192.168.2.136', os.name: 'Windows 7', os.arch: 'amd64', os.version: '6.1', java.version: '1.8.0_162'
Driver info: org.openqa.selenium.chrome.ChromeDriver
Capabilities [{mobileEmulationEnabled=false, hasTouchScreen=false, platform=XP, acceptSslCerts=false, acceptInsecureCerts=false, webStorageEnabled=true, browserName=chrome, takesScreenshot=true, javascriptEnabled=true, platformName=XP, setWindowRect=true, unexpectedAlertBehaviour=, applicationCacheEnabled=false, rotatable=false, networkConnectionEnabled=false, chrome={chromedriverVersion=2.35.528161 (5b82f2d2aae0ca24b877009200ced9065a772e73), userDataDir=C:\Users\Lenovo\AppData\Local\Temp\scoped_dir8260_12032}, takesHeapSnapshot=true, pageLoadStrategy=normal, unhandledPromptBehavior=, databaseEnabled=false, handlesAlerts=true, version=66.0.3359.181, browserConnectionEnabled=false, nativeEvents=true, locationContextEnabled=true, cssSelectorsEnabled=true}]
Session ID: 090b4cb52c6e6d6c326815555eeae079
*** Element info: {Using=id, value=button_save}
2018-06-04 17:02:19 INFO  rootLogger:232 - Element not found. Returning null. Exception: chrome not reachable
  (Session info: chrome=66.0.3359.181)
  (Driver info: chromedriver=2.35.528161 (5b82f2d2aae0ca24b877009200ced9065a772e73),platform=Windows NT 6.1.7601 SP1 x86_64) (WARNING: The server did not provide any stacktrace information)
Command duration or timeout: 0 milliseconds
Build info: version: '3.5.3', revision: 'a88d25fe6b', time: '2017-08-29T12:42:44.417Z'
System info: host: 'LENOVO-PC', ip: '192.168.2.136', os.name: 'Windows 7', os.arch: 'amd64', os.version: '6.1', java.version: '1.8.0_162'
Driver info: org.openqa.selenium.chrome.ChromeDriver
Capabilities [{mobileEmulationEnabled=false, hasTouchScreen=false, platform=XP, acceptSslCerts=false, acceptInsecureCerts=false, webStorageEnabled=true, browserName=chrome, takesScreenshot=true, javascriptEnabled=true, platformName=XP, setWindowRect=true, unexpectedAlertBehaviour=, applicationCacheEnabled=false, rotatable=false, networkConnectionEnabled=false, chrome={chromedriverVersion=2.35.528161 (5b82f2d2aae0ca24b877009200ced9065a772e73), userDataDir=C:\Users\Lenovo\AppData\Local\Temp\scoped_dir8260_12032}, takesHeapSnapshot=true, pageLoadStrategy=normal, unhandledPromptBehavior=, databaseEnabled=false, handlesAlerts=true, version=66.0.3359.181, browserConnectionEnabled=false, nativeEvents=true, locationContextEnabled=true, cssSelectorsEnabled=true}]
Session ID: 090b4cb52c6e6d6c326815555eeae079
*** Element info: {Using=id, value=button_save}
2018-06-04 17:02:19 INFO  rootLogger:232 - Button 'Save' object null. Returning false.
2018-06-04 17:02:19 INFO  rootLogger:232 - Class: Hooks; Method: closeBrowserAndTakeScreenShot
2018-06-04 17:02:19 INFO  rootLogger:232 - Scenario: Verify Adding City - Failed
2018-06-04 17:02:19 INFO  rootLogger:232 - Class: Hooks; Method: takeScreenShot
2018-06-04 17:02:23 INFO  rootLogger:232 - Browser closed
2018-06-04 17:02:23 INFO  rootLogger:232 - Tried to kill process with PID: 
2018-06-04 17:02:23 INFO  rootLogger:232 - Scenario: Verify Adding City complete.
2018-06-04 17:02:23 INFO  rootLogger:232 - Class: Hooks; Method: setUp
2018-06-04 17:02:23 INFO  rootLogger:232 - Scenario: Verify Adding Locality starting.
2018-06-04 17:02:23 INFO  rootLogger:232 - Scenario Tag Name: @Sanity
2018-06-04 17:02:23 INFO  rootLogger:232 - Class: LoginStepdefs; Method: applicationLogin : Start
2018-06-04 17:02:23 INFO  rootLogger:232 - Class: Hooks; Method: openBrowser
2018-06-04 17:02:23 INFO  rootLogger:232 - userName: admin@huddil.com
2018-06-04 17:02:23 INFO  rootLogger:232 - Class: SetUpFile; Method: setUpBrowser
2018-06-04 17:02:26 INFO  rootLogger:232 - ChromeDriver initialized
2018-06-04 17:02:28 INFO  rootLogger:232 - No child process chrome.exe found for parent process 6712.
2018-06-04 17:02:28 INFO  rootLogger:232 - Class: Hooks; Method: setDriver
2018-06-04 17:02:28 INFO  rootLogger:232 - get driver object
2018-06-04 17:02:28 INFO  rootLogger:232 - Class: SetUpFile; Method: openURL
2018-06-04 17:02:29 INFO  rootLogger:232 - Class: Hooks; Method: closeBrowserAndTakeScreenShot
2018-06-04 17:02:29 INFO  rootLogger:232 - Scenario: Verify Adding Locality - Failed
2018-06-04 17:02:29 INFO  rootLogger:232 - Class: Hooks; Method: takeScreenShot
2018-06-04 17:02:29 INFO  rootLogger:232 - Browser closed
2018-06-04 17:02:29 INFO  rootLogger:232 - Tried to kill process with PID: 
2018-06-04 17:02:29 INFO  rootLogger:232 - Scenario: Verify Adding Locality complete.
2018-06-04 17:02:29 INFO  rootLogger:232 - Class: Hooks; Method: setUp
2018-06-04 17:02:29 INFO  rootLogger:232 - Scenario: Verify Reports starting.
2018-06-04 17:02:29 INFO  rootLogger:232 - Scenario Tag Name: @Sanity
2018-06-04 17:02:29 INFO  rootLogger:232 - Class: LoginStepdefs; Method: applicationLogin : Start
2018-06-04 17:02:29 INFO  rootLogger:232 - Class: Hooks; Method: openBrowser
2018-06-04 17:02:29 INFO  rootLogger:232 - userName: admin@huddil.com
2018-06-04 17:02:29 INFO  rootLogger:232 - Class: SetUpFile; Method: setUpBrowser
2018-06-04 17:02:31 INFO  rootLogger:232 - ChromeDriver initialized
2018-06-04 17:02:37 INFO  rootLogger:232 - No child process chrome.exe found for parent process 6712.
2018-06-04 17:02:37 INFO  rootLogger:232 - Class: Hooks; Method: setDriver
2018-06-04 17:02:37 INFO  rootLogger:232 - get driver object
2018-06-04 17:02:37 INFO  rootLogger:232 - Class: SetUpFile; Method: openURL
2018-06-04 17:02:41 INFO  rootLogger:232 - URL: http://198.1.85.118/ not present. ABORTING!!
2018-06-04 17:02:41 INFO  rootLogger:232 - Class: Hooks; Method: closeBrowserAndTakeScreenShot
2018-06-04 17:02:41 INFO  rootLogger:232 - Scenario: Verify Reports - Failed
2018-06-04 17:02:41 INFO  rootLogger:232 - Class: Hooks; Method: takeScreenShot
2018-06-04 17:02:46 INFO  rootLogger:232 - Browser closed
2018-06-04 17:02:46 INFO  rootLogger:232 - Tried to kill process with PID: 
2018-06-04 17:02:46 INFO  rootLogger:232 - Scenario: Verify Reports complete.
2018-06-04 17:02:46 INFO  rootLogger:232 - Class: Hooks; Method: setUp
2018-06-04 17:02:46 INFO  rootLogger:232 - Scenario: Verify Adding Offers starting.
2018-06-04 17:02:46 INFO  rootLogger:232 - Scenario Tag Name: @Sanity
2018-06-04 17:02:46 INFO  rootLogger:232 - Class: LoginStepdefs; Method: applicationLogin : Start
2018-06-04 17:02:46 INFO  rootLogger:232 - Class: Hooks; Method: openBrowser
2018-06-04 17:02:46 INFO  rootLogger:232 - userName: admin@huddil.com
2018-06-04 17:02:46 INFO  rootLogger:232 - Class: SetUpFile; Method: setUpBrowser
2018-06-04 17:02:48 INFO  rootLogger:232 - ChromeDriver initialized
2018-06-04 17:02:54 INFO  rootLogger:232 - No child process chrome.exe found for parent process 6712.
2018-06-04 17:02:54 INFO  rootLogger:232 - Class: Hooks; Method: setDriver
2018-06-04 17:02:54 INFO  rootLogger:232 - get driver object
2018-06-04 17:02:54 INFO  rootLogger:232 - Class: SetUpFile; Method: openURL
2018-06-04 17:02:58 INFO  rootLogger:232 - URL: http://198.1.85.118/ not present. ABORTING!!
2018-06-04 17:02:58 INFO  rootLogger:232 - Class: Hooks; Method: closeBrowserAndTakeScreenShot
2018-06-04 17:02:58 INFO  rootLogger:232 - Scenario: Verify Adding Offers - Failed
2018-06-04 17:02:58 INFO  rootLogger:232 - Class: Hooks; Method: takeScreenShot
2018-06-04 17:03:03 INFO  rootLogger:232 - Browser closed
2018-06-04 17:03:03 INFO  rootLogger:232 - Tried to kill process with PID: 
2018-06-04 17:03:03 INFO  rootLogger:232 - Scenario: Verify Adding Offers complete.
2018-06-04 17:03:03 INFO  rootLogger:232 - Class: Hooks; Method: setUp
2018-06-04 17:03:03 INFO  rootLogger:232 - Scenario: Verify Edit Admin Name starting.
2018-06-04 17:03:03 INFO  rootLogger:232 - Scenario Tag Name: @Sanity
2018-06-04 17:03:03 INFO  rootLogger:232 - Class: LoginStepdefs; Method: applicationLogin : Start
2018-06-04 17:03:03 INFO  rootLogger:232 - Class: Hooks; Method: openBrowser
2018-06-04 17:03:03 INFO  rootLogger:232 - userName: admin@huddil.com
2018-06-04 17:03:03 INFO  rootLogger:232 - Class: SetUpFile; Method: setUpBrowser
2018-06-04 17:03:05 INFO  rootLogger:232 - ChromeDriver initialized
2018-06-04 17:03:06 INFO  rootLogger:232 - No child process chrome.exe found for parent process 6712.
2018-06-04 17:03:06 INFO  rootLogger:232 - Class: Hooks; Method: setDriver
2018-06-04 17:03:06 INFO  rootLogger:232 - get driver object
2018-06-04 17:03:06 INFO  rootLogger:232 - Class: SetUpFile; Method: openURL
2018-06-04 17:03:20 INFO  rootLogger:232 - Class: Hooks; Method: closeBrowserAndTakeScreenShot
2018-06-04 17:03:20 INFO  rootLogger:232 - Scenario: Verify Edit Admin Name - Failed
2018-06-04 17:03:20 INFO  rootLogger:232 - Class: Hooks; Method: takeScreenShot
2018-06-04 17:03:20 INFO  rootLogger:232 - Browser closed
2018-06-04 17:03:20 INFO  rootLogger:232 - Tried to kill process with PID: 
2018-06-04 17:03:20 INFO  rootLogger:232 - Scenario: Verify Edit Admin Name complete.
2018-06-04 17:03:20 INFO  rootLogger:232 - Class: Hooks; Method: setUp
2018-06-04 17:03:20 INFO  rootLogger:232 - Scenario: Verify Change password starting.
2018-06-04 17:03:20 INFO  rootLogger:232 - Scenario Tag Name: @Sanity
2018-06-04 17:03:20 INFO  rootLogger:232 - Class: LoginStepdefs; Method: applicationLogin : Start
2018-06-04 17:03:20 INFO  rootLogger:232 - Class: Hooks; Method: openBrowser
2018-06-04 17:03:20 INFO  rootLogger:232 - userName: admin@huddil.com
2018-06-04 17:03:20 INFO  rootLogger:232 - Class: SetUpFile; Method: setUpBrowser
2018-06-04 17:03:23 INFO  rootLogger:232 - ChromeDriver initialized
2018-06-04 17:03:24 INFO  rootLogger:232 - No child process chrome.exe found for parent process 6712.
2018-06-04 17:03:24 INFO  rootLogger:232 - Class: Hooks; Method: setDriver
2018-06-04 17:03:24 INFO  rootLogger:232 - get driver object
2018-06-04 17:03:24 INFO  rootLogger:232 - Class: SetUpFile; Method: openURL
2018-06-04 17:03:24 INFO  rootLogger:232 - Class: Hooks; Method: closeBrowserAndTakeScreenShot
2018-06-04 17:03:24 INFO  rootLogger:232 - Scenario: Verify Change password - Failed
2018-06-04 17:03:24 INFO  rootLogger:232 - Class: Hooks; Method: takeScreenShot
2018-06-04 17:03:25 INFO  rootLogger:232 - Browser closed
2018-06-04 17:03:25 INFO  rootLogger:232 - Tried to kill process with PID: 
2018-06-04 17:03:25 INFO  rootLogger:232 - Scenario: Verify Change password complete.
2018-06-04 17:03:25 INFO  rootLogger:232 - Class: Hooks; Method: setUp
2018-06-04 17:03:25 INFO  rootLogger:232 - Scenario: Verify Logout starting.
2018-06-04 17:03:25 INFO  rootLogger:232 - Scenario Tag Name: @Sanity
2018-06-04 17:03:25 INFO  rootLogger:232 - Class: LoginStepdefs; Method: applicationLogin : Start
2018-06-04 17:03:25 INFO  rootLogger:232 - Class: Hooks; Method: openBrowser
2018-06-04 17:03:25 INFO  rootLogger:232 - userName: admin@huddil.com
2018-06-04 17:03:25 INFO  rootLogger:232 - Class: SetUpFile; Method: setUpBrowser
2018-06-04 17:03:27 INFO  rootLogger:232 - ChromeDriver initialized
2018-06-04 17:03:28 INFO  rootLogger:232 - No child process chrome.exe found for parent process 6712.
2018-06-04 17:03:28 INFO  rootLogger:232 - Class: Hooks; Method: setDriver
2018-06-04 17:03:28 INFO  rootLogger:232 - get driver object
2018-06-04 17:03:28 INFO  rootLogger:232 - Class: SetUpFile; Method: openURL
2018-06-04 17:03:37 INFO  rootLogger:232 - Class: SetUpFile; Method: logInApplication
2018-06-04 17:03:37 INFO  rootLogger:232 - Class: UtilFunctions; Method: getJSONFileObjBasedOnPageName
2018-06-04 17:03:37 INFO  rootLogger:232 - Class: UtilFunctions; Method: getElementFromJSONFile
2018-06-04 17:03:37 INFO  rootLogger:232 - Return: username
2018-06-04 17:03:37 INFO  rootLogger:232 - Class: UtilFunctions; Method: getElementFromJSONFile
2018-06-04 17:03:37 INFO  rootLogger:232 - Return: password
2018-06-04 17:03:37 INFO  rootLogger:232 - Class: UtilFunctions; Method: getElementFromJSONFile
2018-06-04 17:03:37 INFO  rootLogger:232 - Return: null
2018-06-04 17:03:37 INFO  rootLogger:232 - Class: SeleniumFunctions; Method: findElement
2018-06-04 17:03:37 INFO  rootLogger:232 - Class: SeleniumFunctions; Method: explicitWait
2018-06-04 17:03:37 INFO  rootLogger:232 - frame: 
2018-06-04 17:03:37 INFO  rootLogger:232 - UserName: admin@huddil.com entered
2018-06-04 17:03:37 INFO  rootLogger:232 - Class: SeleniumFunctions; Method: findElement
2018-06-04 17:03:37 INFO  rootLogger:232 - Class: SeleniumFunctions; Method: explicitWait
2018-06-04 17:03:37 INFO  rootLogger:232 - frame: 
2018-06-04 17:03:38 INFO  rootLogger:232 - Password: password entered
2018-06-04 17:03:38 INFO  rootLogger:232 - Class: UtilFunctions; Method: getElementFromJSONFile
2018-06-04 17:03:38 INFO  rootLogger:232 - Return: //button[@class='consumerModuleButtons submitButton' and text()='Sign in']
2018-06-04 17:03:38 INFO  rootLogger:232 - Class: SeleniumFunctions; Method: setByValues
2018-06-04 17:03:38 INFO  rootLogger:232 - propField: //button[@class='consumerModuleButtons submitButton' and text()='Sign in']
2018-06-04 17:03:38 INFO  rootLogger:232 - switchType: xpath
2018-06-04 17:03:38 INFO  rootLogger:232 - switchValue: //button[@class='consumerModuleButtons submitButton' and text()='Sign in']
2018-06-04 17:03:38 INFO  rootLogger:232 - Class: SeleniumFunctions; Method: findElement
2018-06-04 17:03:38 INFO  rootLogger:232 - Class: SeleniumFunctions; Method: explicitWait
2018-06-04 17:03:38 INFO  rootLogger:232 - frame: 
2018-06-04 17:03:40 INFO  rootLogger:232 - Login button clicked
2018-06-04 17:03:40 INFO  rootLogger:232 - Class: SeleniumFunctions; Method: switchToNewWindow
2018-06-04 17:03:40 INFO  rootLogger:232 - parentWindow: CDwindow-9BFB7115A7BA0ED3387F68DDEABEFEAA
2018-06-04 17:03:40 INFO  rootLogger:232 - windowHandle: CDwindow-9BFB7115A7BA0ED3387F68DDEABEFEAA
2018-06-04 17:03:40 INFO  rootLogger:232 - Class: Hooks; Method: setDriver
2018-06-04 17:03:40 INFO  rootLogger:232 - get driver object
2018-06-04 17:03:40 INFO  rootLogger:232 - Class: LoginStepdefs; Method: applicationLogin : Complete
2018-06-04 17:03:40 INFO  rootLogger:232 - Class: GlobalStepdefs; Method: checkPageLoad : Start
2018-06-04 17:03:40 INFO  rootLogger:232 - Class: Hooks; Method: getDriver
2018-06-04 17:03:40 INFO  rootLogger:232 - get driver object
2018-06-04 17:03:40 INFO  rootLogger:232 - Class: Page; Method: findPage
2018-06-04 17:03:40 INFO  rootLogger:232 - Current tab name: Admin
2018-06-04 17:03:40 INFO  rootLogger:232 - PaneName: Admin
2018-06-04 17:03:40 INFO  rootLogger:232 - Class: UtilFunctions; Method: getJSONFileObjBasedOnPageName
2018-06-04 17:03:40 INFO  rootLogger:232 - Class: UtilFunctions; Method: getElementFromJSONFile
2018-06-04 17:03:40 INFO  rootLogger:232 - Exception: null
2018-06-04 17:03:40 INFO  rootLogger:232 - Pane xpath: null
2018-06-04 17:03:40 INFO  rootLogger:232 - Class: Hooks; Method: getDriver
2018-06-04 17:03:40 INFO  rootLogger:232 - get driver object
2018-06-04 17:03:40 INFO  rootLogger:232 - Class: SeleniumFunctions; Method: explicitWait
2018-06-04 17:03:40 INFO  rootLogger:232 - frame: 
2018-06-04 17:03:41 INFO  rootLogger:232 - Class: SeleniumFunctions; Method: findElement
2018-06-04 17:03:41 INFO  rootLogger:232 - Class: SeleniumFunctions; Method: explicitWait
2018-06-04 17:03:41 INFO  rootLogger:232 - frame: 
2018-06-04 17:03:41 INFO  rootLogger:232 - Class: GlobalStepdefs; Method: checkPageLoad : Complete
2018-06-04 17:03:41 INFO  rootLogger:232 - Class: GlobalStepdefs; Method: clickMiscElement : Start
2018-06-04 17:03:41 INFO  rootLogger:232 - Pagename: Admin
2018-06-04 17:03:41 INFO  rootLogger:232 - Class: Hooks; Method: getDriver
2018-06-04 17:03:41 INFO  rootLogger:232 - get driver object
2018-06-04 17:03:41 INFO  rootLogger:232 - Class: Page; Method: clickMiscElement
2018-06-04 17:03:41 INFO  rootLogger:232 - Current tab name: Admin
2018-06-04 17:03:41 INFO  rootLogger:232 - ImageName: UserProfile
2018-06-04 17:03:41 INFO  rootLogger:232 - Class: UtilFunctions; Method: getJSONFileObjBasedOnPageName
2018-06-04 17:03:41 INFO  rootLogger:232 - Class: UtilFunctions; Method: getElementStringAndType
2018-06-04 17:03:41 INFO  rootLogger:232 - Class: UtilFunctions; Method: getElementFromJSONFile
2018-06-04 17:03:41 INFO  rootLogger:232 - Return: //i[@class='fa fa-user-circle']
2018-06-04 17:03:41 INFO  rootLogger:232 - Class: UtilFunctions; Method: getElementFromJSONFile
2018-06-04 17:03:41 INFO  rootLogger:232 - Return: //i[@class='fa fa-user-circle']
2018-06-04 17:03:41 INFO  rootLogger:232 - xpath present
2018-06-04 17:03:41 INFO  rootLogger:232 - Class: SeleniumFunctions; Method: explicitWait
2018-06-04 17:03:41 INFO  rootLogger:232 - frame: //i[@class='fa fa-user-circle'];xpath
2018-06-04 17:03:41 INFO  rootLogger:232 - Class: SeleniumFunctions; Method: setByValues
2018-06-04 17:03:41 INFO  rootLogger:232 - propField: //i[@class='fa fa-user-circle'];xpath
2018-06-04 17:03:41 INFO  rootLogger:232 - switchType: xpath
2018-06-04 17:03:41 INFO  rootLogger:232 - switchValue: //i[@class='fa fa-user-circle']
2018-06-04 17:03:41 INFO  rootLogger:232 - Class: SeleniumFunctions; Method: findElement
2018-06-04 17:03:41 INFO  rootLogger:232 - Class: SeleniumFunctions; Method: explicitWait
2018-06-04 17:03:41 INFO  rootLogger:232 - frame: 
2018-06-04 17:03:42 INFO  rootLogger:232 - Element: 'UserProfile' exist and clicked. Returning true.
2018-06-04 17:03:42 INFO  rootLogger:232 - Class: GlobalStepdefs; Method: clickMiscElement : Start
2018-06-04 17:03:42 INFO  rootLogger:232 - Pagename: Admin
2018-06-04 17:03:42 INFO  rootLogger:232 - Class: Hooks; Method: getDriver
2018-06-04 17:03:42 INFO  rootLogger:232 - get driver object
2018-06-04 17:03:42 INFO  rootLogger:232 - Class: Page; Method: clickMiscElement
2018-06-04 17:03:42 INFO  rootLogger:232 - Current tab name: Admin
2018-06-04 17:03:42 INFO  rootLogger:232 - ImageName: Logout
2018-06-04 17:03:42 INFO  rootLogger:232 - Class: UtilFunctions; Method: getJSONFileObjBasedOnPageName
2018-06-04 17:03:42 INFO  rootLogger:232 - Class: UtilFunctions; Method: getElementStringAndType
2018-06-04 17:03:42 INFO  rootLogger:232 - Class: UtilFunctions; Method: getElementFromJSONFile
2018-06-04 17:03:42 INFO  rootLogger:232 - Return: //div[@class='userMenuSubFieldsContainer' and child::p[text()='Logout'] ]
2018-06-04 17:03:42 INFO  rootLogger:232 - Class: UtilFunctions; Method: getElementFromJSONFile
2018-06-04 17:03:42 INFO  rootLogger:232 - Return: //div[@class='userMenuSubFieldsContainer' and child::p[text()='Logout'] ]
2018-06-04 17:03:42 INFO  rootLogger:232 - xpath present
2018-06-04 17:03:42 INFO  rootLogger:232 - Class: SeleniumFunctions; Method: explicitWait
2018-06-04 17:03:42 INFO  rootLogger:232 - frame: //div[@class='userMenuSubFieldsContainer' and child::p[text()='Logout'] ];xpath
2018-06-04 17:03:42 INFO  rootLogger:232 - Class: SeleniumFunctions; Method: setByValues
2018-06-04 17:03:42 INFO  rootLogger:232 - propField: //div[@class='userMenuSubFieldsContainer' and child::p[text()='Logout'] ];xpath
2018-06-04 17:03:42 INFO  rootLogger:232 - switchType: xpath
2018-06-04 17:03:42 INFO  rootLogger:232 - switchValue: //div[@class='userMenuSubFieldsContainer' and child::p[text()='Logout'] ]
2018-06-04 17:03:42 INFO  rootLogger:232 - Class: SeleniumFunctions; Method: findElement
2018-06-04 17:03:42 INFO  rootLogger:232 - Class: SeleniumFunctions; Method: explicitWait
2018-06-04 17:03:42 INFO  rootLogger:232 - frame: 
2018-06-04 17:03:43 INFO  rootLogger:232 - Element: 'Logout' exist and clicked. Returning true.
2018-06-04 17:03:43 INFO  rootLogger:232 - Class: GlobalStepdefs; Method: clickButton : Start
2018-06-04 17:03:43 INFO  rootLogger:232 - Class: Hooks; Method: getDriver
2018-06-04 17:03:43 INFO  rootLogger:232 - get driver object
2018-06-04 17:03:43 INFO  rootLogger:232 - Class: Page; Method: clickButton
2018-06-04 17:03:43 INFO  rootLogger:232 - Current page name: Admin
2018-06-04 17:03:43 INFO  rootLogger:232 - Button to be clicked: OK2
2018-06-04 17:03:43 INFO  rootLogger:232 - Class: UtilFunctions; Method: getJSONFileObjBasedOnPageName
2018-06-04 17:03:43 INFO  rootLogger:232 - Class: UtilFunctions; Method: getElementStringAndType
2018-06-04 17:03:43 INFO  rootLogger:232 - Class: UtilFunctions; Method: getElementFromJSONFile
2018-06-04 17:03:43 INFO  rootLogger:232 - Return: //button[@class='consumerModuleButtons' and text()='OK']
2018-06-04 17:03:43 INFO  rootLogger:232 - Class: UtilFunctions; Method: getElementFromJSONFile
2018-06-04 17:03:43 INFO  rootLogger:232 - Return: //button[@class='consumerModuleButtons' and text()='OK']
2018-06-04 17:03:43 INFO  rootLogger:232 - xpath present
2018-06-04 17:03:43 INFO  rootLogger:232 - Class: SeleniumFunctions; Method: explicitWait
2018-06-04 17:03:43 INFO  rootLogger:232 - frame: //button[@class='consumerModuleButtons' and text()='OK'];xpath
2018-06-04 17:03:47 INFO  rootLogger:232 - Element not found after timeout of 10 seconds. Exception: chrome not reachable
  (Session info: chrome=66.0.3359.181)
  (Driver info: chromedriver=2.35.528161 (5b82f2d2aae0ca24b877009200ced9065a772e73),platform=Windows NT 6.1.7601 SP1 x86_64) (WARNING: The server did not provide any stacktrace information)
Command duration or timeout: 0 milliseconds
Build info: version: '3.5.3', revision: 'a88d25fe6b', time: '2017-08-29T12:42:44.417Z'
System info: host: 'LENOVO-PC', ip: '192.168.2.136', os.name: 'Windows 7', os.arch: 'amd64', os.version: '6.1', java.version: '1.8.0_162'
Driver info: org.openqa.selenium.chrome.ChromeDriver
Capabilities [{mobileEmulationEnabled=false, hasTouchScreen=false, platform=XP, acceptSslCerts=false, acceptInsecureCerts=false, webStorageEnabled=true, browserName=chrome, takesScreenshot=true, javascriptEnabled=true, platformName=XP, setWindowRect=true, unexpectedAlertBehaviour=, applicationCacheEnabled=false, rotatable=false, networkConnectionEnabled=false, chrome={chromedriverVersion=2.35.528161 (5b82f2d2aae0ca24b877009200ced9065a772e73), userDataDir=C:\Users\Lenovo\AppData\Local\Temp\scoped_dir3408_17665}, takesHeapSnapshot=true, pageLoadStrategy=normal, unhandledPromptBehavior=, databaseEnabled=false, handlesAlerts=true, version=66.0.3359.181, browserConnectionEnabled=false, nativeEvents=true, locationContextEnabled=true, cssSelectorsEnabled=true}]
Session ID: 80677c129d3841b4e70043846839bcb4
*** Element info: {Using=xpath, value=//button[@class='consumerModuleButtons' and text()='OK']}
2018-06-04 17:03:47 INFO  rootLogger:232 - Class: SeleniumFunctions; Method: setByValues
2018-06-04 17:03:47 INFO  rootLogger:232 - propField: //button[@class='consumerModuleButtons' and text()='OK'];xpath
2018-06-04 17:03:47 INFO  rootLogger:232 - switchType: xpath
2018-06-04 17:03:47 INFO  rootLogger:232 - switchValue: //button[@class='consumerModuleButtons' and text()='OK']
2018-06-04 17:03:47 INFO  rootLogger:232 - Class: SeleniumFunctions; Method: findElement
2018-06-04 17:03:47 INFO  rootLogger:232 - Class: SeleniumFunctions; Method: explicitWait
2018-06-04 17:03:47 INFO  rootLogger:232 - frame: 
2018-06-04 17:03:51 INFO  rootLogger:232 - Element not found after timeout of 1 seconds. Exception: chrome not reachable
  (Session info: chrome=66.0.3359.181)
  (Driver info: chromedriver=2.35.528161 (5b82f2d2aae0ca24b877009200ced9065a772e73),platform=Windows NT 6.1.7601 SP1 x86_64) (WARNING: The server did not provide any stacktrace information)
Command duration or timeout: 0 milliseconds
Build info: version: '3.5.3', revision: 'a88d25fe6b', time: '2017-08-29T12:42:44.417Z'
System info: host: 'LENOVO-PC', ip: '192.168.2.136', os.name: 'Windows 7', os.arch: 'amd64', os.version: '6.1', java.version: '1.8.0_162'
Driver info: org.openqa.selenium.chrome.ChromeDriver
Capabilities [{mobileEmulationEnabled=false, hasTouchScreen=false, platform=XP, acceptSslCerts=false, acceptInsecureCerts=false, webStorageEnabled=true, browserName=chrome, takesScreenshot=true, javascriptEnabled=true, platformName=XP, setWindowRect=true, unexpectedAlertBehaviour=, applicationCacheEnabled=false, rotatable=false, networkConnectionEnabled=false, chrome={chromedriverVersion=2.35.528161 (5b82f2d2aae0ca24b877009200ced9065a772e73), userDataDir=C:\Users\Lenovo\AppData\Local\Temp\scoped_dir3408_17665}, takesHeapSnapshot=true, pageLoadStrategy=normal, unhandledPromptBehavior=, databaseEnabled=false, handlesAlerts=true, version=66.0.3359.181, browserConnectionEnabled=false, nativeEvents=true, locationContextEnabled=true, cssSelectorsEnabled=true}]
Session ID: 80677c129d3841b4e70043846839bcb4
*** Element info: {Using=xpath, value=//button[@class='consumerModuleButtons' and text()='OK']}
2018-06-04 17:03:55 INFO  rootLogger:232 - Element not found. Returning null. Exception: chrome not reachable
  (Session info: chrome=66.0.3359.181)
  (Driver info: chromedriver=2.35.528161 (5b82f2d2aae0ca24b877009200ced9065a772e73),platform=Windows NT 6.1.7601 SP1 x86_64) (WARNING: The server did not provide any stacktrace information)
Command duration or timeout: 0 milliseconds
Build info: version: '3.5.3', revision: 'a88d25fe6b', time: '2017-08-29T12:42:44.417Z'
System info: host: 'LENOVO-PC', ip: '192.168.2.136', os.name: 'Windows 7', os.arch: 'amd64', os.version: '6.1', java.version: '1.8.0_162'
Driver info: org.openqa.selenium.chrome.ChromeDriver
Capabilities [{mobileEmulationEnabled=false, hasTouchScreen=false, platform=XP, acceptSslCerts=false, acceptInsecureCerts=false, webStorageEnabled=true, browserName=chrome, takesScreenshot=true, javascriptEnabled=true, platformName=XP, setWindowRect=true, unexpectedAlertBehaviour=, applicationCacheEnabled=false, rotatable=false, networkConnectionEnabled=false, chrome={chromedriverVersion=2.35.528161 (5b82f2d2aae0ca24b877009200ced9065a772e73), userDataDir=C:\Users\Lenovo\AppData\Local\Temp\scoped_dir3408_17665}, takesHeapSnapshot=true, pageLoadStrategy=normal, unhandledPromptBehavior=, databaseEnabled=false, handlesAlerts=true, version=66.0.3359.181, browserConnectionEnabled=false, nativeEvents=true, locationContextEnabled=true, cssSelectorsEnabled=true}]
Session ID: 80677c129d3841b4e70043846839bcb4
*** Element info: {Using=xpath, value=//button[@class='consumerModuleButtons' and text()='OK']}
2018-06-04 17:03:55 INFO  rootLogger:232 - Button 'OK2' object null. Returning false.
2018-06-04 17:03:55 INFO  rootLogger:232 - Class: Hooks; Method: closeBrowserAndTakeScreenShot
2018-06-04 17:03:55 INFO  rootLogger:232 - Scenario: Verify Logout - Failed
2018-06-04 17:03:55 INFO  rootLogger:232 - Class: Hooks; Method: takeScreenShot
2018-06-04 17:04:00 INFO  rootLogger:232 - Browser closed
2018-06-04 17:04:00 INFO  rootLogger:232 - Tried to kill process with PID: 
2018-06-04 17:04:00 INFO  rootLogger:232 - Scenario: Verify Logout complete.
2018-06-04 17:04:00 INFO  rootLogger:232 - Class: Hooks; Method: setUp
2018-06-04 17:04:00 INFO  rootLogger:232 - Scenario: Verify Twitter Login starting.
2018-06-04 17:04:00 INFO  rootLogger:232 - Scenario Tag Name: @Sanity
2018-06-04 17:04:00 INFO  rootLogger:232 - Class: LoginStepdefs; Method: applicationLogin : Start
2018-06-04 17:04:00 INFO  rootLogger:232 - Class: Hooks; Method: openBrowser
2018-06-04 17:04:00 INFO  rootLogger:232 - userName: admin@huddil.com
2018-06-04 17:04:00 INFO  rootLogger:232 - Class: SetUpFile; Method: setUpBrowser
2018-06-04 17:04:02 INFO  rootLogger:232 - ChromeDriver initialized
2018-06-04 17:04:03 INFO  rootLogger:232 - No child process chrome.exe found for parent process 6712.
2018-06-04 17:04:03 INFO  rootLogger:232 - Class: Hooks; Method: setDriver
2018-06-04 17:04:03 INFO  rootLogger:232 - get driver object
2018-06-04 17:04:03 INFO  rootLogger:232 - Class: SetUpFile; Method: openURL
2018-06-04 17:04:03 INFO  rootLogger:232 - Class: Hooks; Method: closeBrowserAndTakeScreenShot
2018-06-04 17:04:03 INFO  rootLogger:232 - Scenario: Verify Twitter Login - Failed
2018-06-04 17:04:03 INFO  rootLogger:232 - Class: Hooks; Method: takeScreenShot
2018-06-04 17:04:04 INFO  rootLogger:232 - Browser closed
2018-06-04 17:04:04 INFO  rootLogger:232 - Tried to kill process with PID: 
2018-06-04 17:04:04 INFO  rootLogger:232 - Scenario: Verify Twitter Login complete.
