2018-06-05 11:36:35 INFO  rootLogger:232 - Class: Hooks; Method: setUp
2018-06-05 11:36:35 INFO  rootLogger:232 - Scenario: Verify Adding Policy starting.
2018-06-05 11:36:35 INFO  rootLogger:232 - Scenario Tag Name: @Sanity
2018-06-05 11:36:35 INFO  rootLogger:232 - Class: LoginStepdefs; Method: applicationLogin : Start
2018-06-05 11:36:35 INFO  rootLogger:232 - Class: Hooks; Method: openBrowser
2018-06-05 11:36:35 INFO  rootLogger:232 - userName: admin@huddil.com
2018-06-05 11:36:35 INFO  rootLogger:232 - Class: SetUpFile; Method: constructor
2018-06-05 11:36:35 INFO  rootLogger:232 - Initializing JSON files
2018-06-05 11:36:35 INFO  rootLogger:232 - Class: SetUpFile; Method: setUpBrowser
2018-06-05 11:36:38 INFO  rootLogger:232 - ChromeDriver initialized
2018-06-05 11:36:40 INFO  rootLogger:232 - Class: Hooks; Method: setDriver
2018-06-05 11:36:40 INFO  rootLogger:232 - get driver object
2018-06-05 11:36:40 INFO  rootLogger:232 - Class: SetUpFile; Method: openURL
2018-06-05 11:36:48 INFO  rootLogger:232 - Class: SetUpFile; Method: logInApplication
2018-06-05 11:36:48 INFO  rootLogger:232 - Class: UtilFunctions; Method: getJSONFileObjBasedOnPageName
2018-06-05 11:36:48 INFO  rootLogger:232 - Class: UtilFunctions; Method: getElementFromJSONFile
2018-06-05 11:36:48 INFO  rootLogger:232 - Return: username
2018-06-05 11:36:48 INFO  rootLogger:232 - Class: UtilFunctions; Method: getElementFromJSONFile
2018-06-05 11:36:48 INFO  rootLogger:232 - Return: password
2018-06-05 11:36:48 INFO  rootLogger:232 - Class: UtilFunctions; Method: getElementFromJSONFile
2018-06-05 11:36:48 INFO  rootLogger:232 - Return: null
2018-06-05 11:36:48 INFO  rootLogger:232 - Class: SeleniumFunctions; Method: findElement
2018-06-05 11:36:48 INFO  rootLogger:232 - Class: SeleniumFunctions; Method: explicitWait
2018-06-05 11:36:48 INFO  rootLogger:232 - frame: 
2018-06-05 11:36:49 INFO  rootLogger:232 - UserName: admin@huddil.com entered
2018-06-05 11:36:49 INFO  rootLogger:232 - Class: SeleniumFunctions; Method: findElement
2018-06-05 11:36:49 INFO  rootLogger:232 - Class: SeleniumFunctions; Method: explicitWait
2018-06-05 11:36:49 INFO  rootLogger:232 - frame: 
2018-06-05 11:36:49 INFO  rootLogger:232 - Password: password entered
2018-06-05 11:36:49 INFO  rootLogger:232 - Class: UtilFunctions; Method: getElementFromJSONFile
2018-06-05 11:36:49 INFO  rootLogger:232 - Return: //button[@class='consumerModuleButtons submitButton' and text()='Sign in']
2018-06-05 11:36:49 INFO  rootLogger:232 - Class: SeleniumFunctions; Method: setByValues
2018-06-05 11:36:49 INFO  rootLogger:232 - propField: //button[@class='consumerModuleButtons submitButton' and text()='Sign in']
2018-06-05 11:36:49 INFO  rootLogger:232 - switchType: xpath
2018-06-05 11:36:49 INFO  rootLogger:232 - switchValue: //button[@class='consumerModuleButtons submitButton' and text()='Sign in']
2018-06-05 11:36:49 INFO  rootLogger:232 - Class: SeleniumFunctions; Method: findElement
2018-06-05 11:36:49 INFO  rootLogger:232 - Class: SeleniumFunctions; Method: explicitWait
2018-06-05 11:36:49 INFO  rootLogger:232 - frame: 
2018-06-05 11:36:51 INFO  rootLogger:232 - Login button clicked
2018-06-05 11:36:51 INFO  rootLogger:232 - Class: SeleniumFunctions; Method: switchToNewWindow
2018-06-05 11:36:51 INFO  rootLogger:232 - parentWindow: CDwindow-B3499C2945FB464681BAAA81D2E6CDDC
2018-06-05 11:36:51 INFO  rootLogger:232 - windowHandle: CDwindow-B3499C2945FB464681BAAA81D2E6CDDC
2018-06-05 11:36:51 INFO  rootLogger:232 - Class: Hooks; Method: setDriver
2018-06-05 11:36:51 INFO  rootLogger:232 - get driver object
2018-06-05 11:36:51 INFO  rootLogger:232 - Class: LoginStepdefs; Method: applicationLogin : Complete
2018-06-05 11:36:51 INFO  rootLogger:232 - Class: GlobalStepdefs; Method: checkPageLoad : Start
2018-06-05 11:36:51 INFO  rootLogger:232 - Class: Hooks; Method: getDriver
2018-06-05 11:36:51 INFO  rootLogger:232 - get driver object
2018-06-05 11:36:51 INFO  rootLogger:232 - Class: Page; Method: findPage
2018-06-05 11:36:51 INFO  rootLogger:232 - Current tab name: Admin
2018-06-05 11:36:51 INFO  rootLogger:232 - PaneName: Admin
2018-06-05 11:36:51 INFO  rootLogger:232 - Class: UtilFunctions; Method: getJSONFileObjBasedOnPageName
2018-06-05 11:36:51 INFO  rootLogger:232 - Class: UtilFunctions; Method: getElementFromJSONFile
2018-06-05 11:36:51 INFO  rootLogger:232 - Exception: null
2018-06-05 11:36:51 INFO  rootLogger:232 - Pane xpath: null
2018-06-05 11:36:51 INFO  rootLogger:232 - Class: Hooks; Method: getDriver
2018-06-05 11:36:51 INFO  rootLogger:232 - get driver object
2018-06-05 11:36:51 INFO  rootLogger:232 - Class: SeleniumFunctions; Method: explicitWait
2018-06-05 11:36:51 INFO  rootLogger:232 - frame: 
2018-06-05 11:36:52 INFO  rootLogger:232 - Class: SeleniumFunctions; Method: findElement
2018-06-05 11:36:52 INFO  rootLogger:232 - Class: SeleniumFunctions; Method: explicitWait
2018-06-05 11:36:52 INFO  rootLogger:232 - frame: 
2018-06-05 11:36:52 INFO  rootLogger:232 - Class: GlobalStepdefs; Method: checkPageLoad : Complete
2018-06-05 11:36:52 INFO  rootLogger:232 - Class: GlobalStepdefs; Method: clickMiscElement : Start
2018-06-05 11:36:52 INFO  rootLogger:232 - Pagename: Admin
2018-06-05 11:36:52 INFO  rootLogger:232 - Class: Hooks; Method: getDriver
2018-06-05 11:36:52 INFO  rootLogger:232 - get driver object
2018-06-05 11:36:52 INFO  rootLogger:232 - Class: Page; Method: clickMiscElement
2018-06-05 11:36:52 INFO  rootLogger:232 - Current tab name: Admin
2018-06-05 11:36:52 INFO  rootLogger:232 - ImageName: Terms
2018-06-05 11:36:52 INFO  rootLogger:232 - Class: UtilFunctions; Method: getJSONFileObjBasedOnPageName
2018-06-05 11:36:52 INFO  rootLogger:232 - Class: UtilFunctions; Method: getElementStringAndType
2018-06-05 11:36:52 INFO  rootLogger:232 - Class: UtilFunctions; Method: getElementFromJSONFile
2018-06-05 11:36:52 INFO  rootLogger:232 - Return: //div[contains (@class,  'sideMenuItem') and child::p[text()='Terms']]
2018-06-05 11:36:52 INFO  rootLogger:232 - Class: UtilFunctions; Method: getElementFromJSONFile
2018-06-05 11:36:52 INFO  rootLogger:232 - Return: //div[contains (@class,  'sideMenuItem') and child::p[text()='Terms']]
2018-06-05 11:36:52 INFO  rootLogger:232 - xpath present
2018-06-05 11:36:52 INFO  rootLogger:232 - Class: SeleniumFunctions; Method: explicitWait
2018-06-05 11:36:52 INFO  rootLogger:232 - frame: //div[contains (@class,  'sideMenuItem') and child::p[text()='Terms']];xpath
2018-06-05 11:36:52 INFO  rootLogger:232 - Class: SeleniumFunctions; Method: setByValues
2018-06-05 11:36:52 INFO  rootLogger:232 - propField: //div[contains (@class,  'sideMenuItem') and child::p[text()='Terms']];xpath
2018-06-05 11:36:52 INFO  rootLogger:232 - switchType: xpath
2018-06-05 11:36:52 INFO  rootLogger:232 - switchValue: //div[contains (@class,  'sideMenuItem') and child::p[text()='Terms']]
2018-06-05 11:36:52 INFO  rootLogger:232 - Class: SeleniumFunctions; Method: findElement
2018-06-05 11:36:52 INFO  rootLogger:232 - Class: SeleniumFunctions; Method: explicitWait
2018-06-05 11:36:52 INFO  rootLogger:232 - frame: 
2018-06-05 11:36:53 INFO  rootLogger:232 - Element: 'Terms' exist and clicked. Returning true.
2018-06-05 11:36:53 INFO  rootLogger:232 - Class: GlobalStepdefs; Method: clickButton : Start
2018-06-05 11:36:53 INFO  rootLogger:232 - Class: Hooks; Method: getDriver
2018-06-05 11:36:53 INFO  rootLogger:232 - get driver object
2018-06-05 11:36:53 INFO  rootLogger:232 - Class: Page; Method: clickButton
2018-06-05 11:36:53 INFO  rootLogger:232 - Current page name: Admin
2018-06-05 11:36:53 INFO  rootLogger:232 - Button to be clicked: +AddPolicy
2018-06-05 11:36:53 INFO  rootLogger:232 - Class: UtilFunctions; Method: getJSONFileObjBasedOnPageName
2018-06-05 11:36:53 INFO  rootLogger:232 - Class: UtilFunctions; Method: getElementStringAndType
2018-06-05 11:36:53 INFO  rootLogger:232 - Class: UtilFunctions; Method: getElementFromJSONFile
2018-06-05 11:36:53 INFO  rootLogger:232 - Return: null
2018-06-05 11:36:53 INFO  rootLogger:232 - Class: UtilFunctions; Method: getElementFromJSONFile
2018-06-05 11:36:53 INFO  rootLogger:232 - Return: button_terms
2018-06-05 11:36:53 INFO  rootLogger:232 - Class: UtilFunctions; Method: getElementFromJSONFile
2018-06-05 11:36:53 INFO  rootLogger:232 - Return: button_terms
2018-06-05 11:36:53 INFO  rootLogger:232 - id present
2018-06-05 11:36:53 INFO  rootLogger:232 - Class: SeleniumFunctions; Method: explicitWait
2018-06-05 11:36:53 INFO  rootLogger:232 - frame: button_terms;id
2018-06-05 11:36:53 INFO  rootLogger:232 - Class: SeleniumFunctions; Method: setByValues
2018-06-05 11:36:53 INFO  rootLogger:232 - propField: button_terms;id
2018-06-05 11:36:53 INFO  rootLogger:232 - switchType: id
2018-06-05 11:36:53 INFO  rootLogger:232 - switchValue: button_terms
2018-06-05 11:36:53 INFO  rootLogger:232 - Class: SeleniumFunctions; Method: findElement
2018-06-05 11:36:53 INFO  rootLogger:232 - Class: SeleniumFunctions; Method: explicitWait
2018-06-05 11:36:53 INFO  rootLogger:232 - frame: 
2018-06-05 11:36:55 INFO  rootLogger:232 - Button '+AddPolicy' object not null and is clicked. Returning true.
2018-06-05 11:36:55 INFO  rootLogger:232 - Class: GlobalStepdefs; Method: clickButton : Complete
2018-06-05 11:36:55 INFO  rootLogger:232 - Class: GlobalStepdefs; Method: enterInTheField : Start
2018-06-05 11:36:55 INFO  rootLogger:232 - Class: Hooks; Method: getDriver
2018-06-05 11:36:55 INFO  rootLogger:232 - get driver object
2018-06-05 11:36:55 INFO  rootLogger:232 - Class: Page; Method: setTextBox
2018-06-05 11:36:55 INFO  rootLogger:232 - Current page name: Admin
2018-06-05 11:36:55 INFO  rootLogger:232 - Text box field name: ActiveDate
2018-06-05 11:36:55 INFO  rootLogger:232 - Class: UtilFunctions; Method: getJSONFileObjBasedOnPageName
2018-06-05 11:36:55 INFO  rootLogger:232 - Class: UtilFunctions; Method: getElementStringAndType
2018-06-05 11:36:55 INFO  rootLogger:232 - Class: UtilFunctions; Method: getElementFromJSONFile
2018-06-05 11:36:55 INFO  rootLogger:232 - Return: null
2018-06-05 11:36:55 INFO  rootLogger:232 - Class: UtilFunctions; Method: getElementFromJSONFile
2018-06-05 11:36:55 INFO  rootLogger:232 - Return: active-date
2018-06-05 11:36:55 INFO  rootLogger:232 - Class: UtilFunctions; Method: getElementFromJSONFile
2018-06-05 11:36:55 INFO  rootLogger:232 - Return: active-date
2018-06-05 11:36:55 INFO  rootLogger:232 - id present
2018-06-05 11:36:55 INFO  rootLogger:232 - Text box textPath: active-date
2018-06-05 11:36:55 INFO  rootLogger:232 - Text box textMethod: id
2018-06-05 11:36:56 INFO  rootLogger:232 - Class: Hooks; Method: getDriver
2018-06-05 11:36:56 INFO  rootLogger:232 - get driver object
2018-06-05 11:36:56 INFO  rootLogger:232 - Class: SeleniumFunctions; Method: setByValues
2018-06-05 11:36:56 INFO  rootLogger:232 - propField: active-date;id
2018-06-05 11:36:56 INFO  rootLogger:232 - switchType: id
2018-06-05 11:36:56 INFO  rootLogger:232 - switchValue: active-date
2018-06-05 11:36:56 INFO  rootLogger:232 - Class: SeleniumFunctions; Method: findElement
2018-06-05 11:36:56 INFO  rootLogger:232 - Class: SeleniumFunctions; Method: explicitWait
2018-06-05 11:36:56 INFO  rootLogger:232 - frame: 
2018-06-05 11:36:57 INFO  rootLogger:232 - Text box 'ActiveDate' object not null. Entered Value: '2018-05-09'. Returning true.
2018-06-05 11:36:57 INFO  rootLogger:232 - Class: GlobalStepdefs; Method: enterInTheField : Complete
2018-06-05 11:36:57 INFO  rootLogger:232 - Class: GlobalStepdefs; Method: selectFromDropdown : Start
2018-06-05 11:36:57 INFO  rootLogger:232 - Class: Hooks; Method: getDriver
2018-06-05 11:36:57 INFO  rootLogger:232 - get driver object
2018-06-05 11:36:57 INFO  rootLogger:232 - Class: Page; Method: selectDropDownInPane
2018-06-05 11:36:57 INFO  rootLogger:232 - Current tab name: Admin
2018-06-05 11:36:57 INFO  rootLogger:232 - Class: UtilFunctions; Method: getJSONFileObjBasedOnPageName
2018-06-05 11:36:57 INFO  rootLogger:232 - PaneName: Admin
2018-06-05 11:36:57 INFO  rootLogger:232 - Dropdown Name: UserType
2018-06-05 11:36:57 INFO  rootLogger:232 - Class: UtilFunctions; Method: getElementStringAndType
2018-06-05 11:36:57 INFO  rootLogger:232 - Class: UtilFunctions; Method: getElementFromJSONFile
2018-06-05 11:36:57 INFO  rootLogger:232 - Return: null
2018-06-05 11:36:57 INFO  rootLogger:232 - Class: UtilFunctions; Method: getElementFromJSONFile
2018-06-05 11:36:57 INFO  rootLogger:232 - Return: select-userType
2018-06-05 11:36:57 INFO  rootLogger:232 - Class: UtilFunctions; Method: getElementFromJSONFile
2018-06-05 11:36:57 INFO  rootLogger:232 - Return: select-userType
2018-06-05 11:36:57 INFO  rootLogger:232 - id present
2018-06-05 11:36:57 INFO  rootLogger:232 - Class: Page; Method: selectDropDownOption
2018-06-05 11:36:57 INFO  rootLogger:232 - Class: SeleniumFunctions; Method: explicitWait
2018-06-05 11:36:57 INFO  rootLogger:232 - frame: select-userType;id
2018-06-05 11:36:57 INFO  rootLogger:232 - Class: SeleniumFunctions; Method: setByValues
2018-06-05 11:36:57 INFO  rootLogger:232 - propField: select-userType;id
2018-06-05 11:36:57 INFO  rootLogger:232 - switchType: id
2018-06-05 11:36:57 INFO  rootLogger:232 - switchValue: select-userType
2018-06-05 11:36:57 INFO  rootLogger:232 - Class: SeleniumFunctions; Method: findElement
2018-06-05 11:36:57 INFO  rootLogger:232 - Class: SeleniumFunctions; Method: explicitWait
2018-06-05 11:36:57 INFO  rootLogger:232 - frame: 
2018-06-05 11:36:57 INFO  rootLogger:232 - Drop down element not null
2018-06-05 11:36:57 INFO  rootLogger:232 - Class: Page; Method: selectDropDownOption
2018-06-05 11:36:57 INFO  rootLogger:232 - Class: Page; Method: selectDropDownInPane
2018-06-05 11:36:57 INFO  rootLogger:232 - Class: GlobalStepdefs; Method: selectFromDropdown : Complete
2018-06-05 11:36:57 INFO  rootLogger:232 - Class: GlobalStepdefs; Method: waitForSpecifiedTime : Start
2018-06-05 11:37:12 INFO  rootLogger:232 - Class: GlobalStepdefs; Method: waitForSpecifiedTime : Complete
2018-06-05 11:37:12 INFO  rootLogger:232 - Class: GlobalStepdefs; Method: clickButton : Start
2018-06-05 11:37:12 INFO  rootLogger:232 - Class: Hooks; Method: getDriver
2018-06-05 11:37:12 INFO  rootLogger:232 - get driver object
2018-06-05 11:37:12 INFO  rootLogger:232 - Class: Page; Method: clickButton
2018-06-05 11:37:12 INFO  rootLogger:232 - Current page name: Admin
2018-06-05 11:37:12 INFO  rootLogger:232 - Button to be clicked: Save
2018-06-05 11:37:12 INFO  rootLogger:232 - Class: UtilFunctions; Method: getJSONFileObjBasedOnPageName
2018-06-05 11:37:12 INFO  rootLogger:232 - Class: UtilFunctions; Method: getElementStringAndType
2018-06-05 11:37:12 INFO  rootLogger:232 - Class: UtilFunctions; Method: getElementFromJSONFile
2018-06-05 11:37:12 INFO  rootLogger:232 - Return: null
2018-06-05 11:37:12 INFO  rootLogger:232 - Class: UtilFunctions; Method: getElementFromJSONFile
2018-06-05 11:37:12 INFO  rootLogger:232 - Return: button_save
2018-06-05 11:37:12 INFO  rootLogger:232 - Class: UtilFunctions; Method: getElementFromJSONFile
2018-06-05 11:37:12 INFO  rootLogger:232 - Return: button_save
2018-06-05 11:37:12 INFO  rootLogger:232 - id present
2018-06-05 11:37:12 INFO  rootLogger:232 - Class: SeleniumFunctions; Method: explicitWait
2018-06-05 11:37:12 INFO  rootLogger:232 - frame: button_save;id
2018-06-05 11:37:17 INFO  rootLogger:232 - Element not found after timeout of 10 seconds. Exception: chrome not reachable
  (Session info: chrome=66.0.3359.181)
  (Driver info: chromedriver=2.35.528161 (5b82f2d2aae0ca24b877009200ced9065a772e73),platform=Windows NT 6.1.7601 SP1 x86_64) (WARNING: The server did not provide any stacktrace information)
Command duration or timeout: 0 milliseconds
Build info: version: '3.5.3', revision: 'a88d25fe6b', time: '2017-08-29T12:42:44.417Z'
System info: host: 'LENOVO-PC', ip: '192.168.2.136', os.name: 'Windows 7', os.arch: 'amd64', os.version: '6.1', java.version: '1.8.0_162'
Driver info: org.openqa.selenium.chrome.ChromeDriver
Capabilities [{mobileEmulationEnabled=false, hasTouchScreen=false, platform=XP, acceptSslCerts=false, acceptInsecureCerts=false, webStorageEnabled=true, browserName=chrome, takesScreenshot=true, javascriptEnabled=true, platformName=XP, setWindowRect=true, unexpectedAlertBehaviour=, applicationCacheEnabled=false, rotatable=false, networkConnectionEnabled=false, chrome={chromedriverVersion=2.35.528161 (5b82f2d2aae0ca24b877009200ced9065a772e73), userDataDir=C:\Users\Lenovo\AppData\Local\Temp\scoped_dir2488_12913}, takesHeapSnapshot=true, pageLoadStrategy=normal, unhandledPromptBehavior=, databaseEnabled=false, handlesAlerts=true, version=66.0.3359.181, browserConnectionEnabled=false, nativeEvents=true, locationContextEnabled=true, cssSelectorsEnabled=true}]
Session ID: a1dda27e59da604e308b0d14acd0eb49
*** Element info: {Using=id, value=button_save}
2018-06-05 11:37:17 INFO  rootLogger:232 - Class: SeleniumFunctions; Method: setByValues
2018-06-05 11:37:17 INFO  rootLogger:232 - propField: button_save;id
2018-06-05 11:37:17 INFO  rootLogger:232 - switchType: id
2018-06-05 11:37:17 INFO  rootLogger:232 - switchValue: button_save
2018-06-05 11:37:17 INFO  rootLogger:232 - Class: SeleniumFunctions; Method: findElement
2018-06-05 11:37:17 INFO  rootLogger:232 - Class: SeleniumFunctions; Method: explicitWait
2018-06-05 11:37:17 INFO  rootLogger:232 - frame: 
2018-06-05 11:37:21 INFO  rootLogger:232 - Element not found after timeout of 1 seconds. Exception: chrome not reachable
  (Session info: chrome=66.0.3359.181)
  (Driver info: chromedriver=2.35.528161 (5b82f2d2aae0ca24b877009200ced9065a772e73),platform=Windows NT 6.1.7601 SP1 x86_64) (WARNING: The server did not provide any stacktrace information)
Command duration or timeout: 0 milliseconds
Build info: version: '3.5.3', revision: 'a88d25fe6b', time: '2017-08-29T12:42:44.417Z'
System info: host: 'LENOVO-PC', ip: '192.168.2.136', os.name: 'Windows 7', os.arch: 'amd64', os.version: '6.1', java.version: '1.8.0_162'
Driver info: org.openqa.selenium.chrome.ChromeDriver
Capabilities [{mobileEmulationEnabled=false, hasTouchScreen=false, platform=XP, acceptSslCerts=false, acceptInsecureCerts=false, webStorageEnabled=true, browserName=chrome, takesScreenshot=true, javascriptEnabled=true, platformName=XP, setWindowRect=true, unexpectedAlertBehaviour=, applicationCacheEnabled=false, rotatable=false, networkConnectionEnabled=false, chrome={chromedriverVersion=2.35.528161 (5b82f2d2aae0ca24b877009200ced9065a772e73), userDataDir=C:\Users\Lenovo\AppData\Local\Temp\scoped_dir2488_12913}, takesHeapSnapshot=true, pageLoadStrategy=normal, unhandledPromptBehavior=, databaseEnabled=false, handlesAlerts=true, version=66.0.3359.181, browserConnectionEnabled=false, nativeEvents=true, locationContextEnabled=true, cssSelectorsEnabled=true}]
Session ID: a1dda27e59da604e308b0d14acd0eb49
*** Element info: {Using=id, value=button_save}
2018-06-05 11:37:25 INFO  rootLogger:232 - Element not found. Returning null. Exception: chrome not reachable
  (Session info: chrome=66.0.3359.181)
  (Driver info: chromedriver=2.35.528161 (5b82f2d2aae0ca24b877009200ced9065a772e73),platform=Windows NT 6.1.7601 SP1 x86_64) (WARNING: The server did not provide any stacktrace information)
Command duration or timeout: 0 milliseconds
Build info: version: '3.5.3', revision: 'a88d25fe6b', time: '2017-08-29T12:42:44.417Z'
System info: host: 'LENOVO-PC', ip: '192.168.2.136', os.name: 'Windows 7', os.arch: 'amd64', os.version: '6.1', java.version: '1.8.0_162'
Driver info: org.openqa.selenium.chrome.ChromeDriver
Capabilities [{mobileEmulationEnabled=false, hasTouchScreen=false, platform=XP, acceptSslCerts=false, acceptInsecureCerts=false, webStorageEnabled=true, browserName=chrome, takesScreenshot=true, javascriptEnabled=true, platformName=XP, setWindowRect=true, unexpectedAlertBehaviour=, applicationCacheEnabled=false, rotatable=false, networkConnectionEnabled=false, chrome={chromedriverVersion=2.35.528161 (5b82f2d2aae0ca24b877009200ced9065a772e73), userDataDir=C:\Users\Lenovo\AppData\Local\Temp\scoped_dir2488_12913}, takesHeapSnapshot=true, pageLoadStrategy=normal, unhandledPromptBehavior=, databaseEnabled=false, handlesAlerts=true, version=66.0.3359.181, browserConnectionEnabled=false, nativeEvents=true, locationContextEnabled=true, cssSelectorsEnabled=true}]
Session ID: a1dda27e59da604e308b0d14acd0eb49
*** Element info: {Using=id, value=button_save}
2018-06-05 11:37:25 INFO  rootLogger:232 - Button 'Save' object null. Returning false.
2018-06-05 11:37:25 INFO  rootLogger:232 - Class: Hooks; Method: closeBrowserAndTakeScreenShot
2018-06-05 11:37:25 INFO  rootLogger:232 - Scenario: Verify Adding Policy - Failed
2018-06-05 11:37:25 INFO  rootLogger:232 - Class: Hooks; Method: takeScreenShot
2018-06-05 11:37:30 INFO  rootLogger:232 - Browser closed
2018-06-05 11:37:30 INFO  rootLogger:232 - Tried to kill process with PID: 7316
2018-06-05 11:37:30 INFO  rootLogger:232 - Scenario: Verify Adding Policy complete.
