2018-06-04 17:01:43 INFO  rootLogger:232 - Class: Hooks; Method: setUp
2018-06-04 17:01:43 INFO  rootLogger:232 - Scenario: Verify Twitter Login starting.
2018-06-04 17:01:43 INFO  rootLogger:232 - Scenario Tag Name: @Sanity
2018-06-04 17:01:44 INFO  rootLogger:232 - Class: LoginStepdefs; Method: applicationLogin : Start
2018-06-04 17:01:44 INFO  rootLogger:232 - Class: Hooks; Method: openBrowser
2018-06-04 17:01:44 INFO  rootLogger:232 - userName: admin@huddil.com
2018-06-04 17:01:44 INFO  rootLogger:232 - Class: SetUpFile; Method: constructor
2018-06-04 17:01:44 INFO  rootLogger:232 - Initializing JSON files
2018-06-04 17:01:44 INFO  rootLogger:232 - Class: SetUpFile; Method: setUpBrowser
2018-06-04 17:01:47 INFO  rootLogger:232 - ChromeDriver initialized
2018-06-04 17:01:49 INFO  rootLogger:232 - Class: Hooks; Method: setDriver
2018-06-04 17:01:49 INFO  rootLogger:232 - get driver object
2018-06-04 17:01:49 INFO  rootLogger:232 - Class: SetUpFile; Method: openURL
2018-06-04 17:02:00 INFO  rootLogger:232 - Class: SetUpFile; Method: logInApplication
2018-06-04 17:02:00 INFO  rootLogger:232 - Class: UtilFunctions; Method: getJSONFileObjBasedOnPageName
2018-06-04 17:02:00 INFO  rootLogger:232 - Class: UtilFunctions; Method: getElementFromJSONFile
2018-06-04 17:02:00 INFO  rootLogger:232 - Return: username
2018-06-04 17:02:00 INFO  rootLogger:232 - Class: UtilFunctions; Method: getElementFromJSONFile
2018-06-04 17:02:00 INFO  rootLogger:232 - Return: password
2018-06-04 17:02:00 INFO  rootLogger:232 - Class: UtilFunctions; Method: getElementFromJSONFile
2018-06-04 17:02:00 INFO  rootLogger:232 - Return: null
2018-06-04 17:02:00 INFO  rootLogger:232 - Class: SeleniumFunctions; Method: findElement
2018-06-04 17:02:00 INFO  rootLogger:232 - Class: SeleniumFunctions; Method: explicitWait
2018-06-04 17:02:00 INFO  rootLogger:232 - frame: 
2018-06-04 17:02:01 INFO  rootLogger:232 - UserName: admin@huddil.com entered
2018-06-04 17:02:01 INFO  rootLogger:232 - Class: SeleniumFunctions; Method: findElement
2018-06-04 17:02:01 INFO  rootLogger:232 - Class: SeleniumFunctions; Method: explicitWait
2018-06-04 17:02:01 INFO  rootLogger:232 - frame: 
2018-06-04 17:02:02 INFO  rootLogger:232 - Password: password entered
2018-06-04 17:02:02 INFO  rootLogger:232 - Class: UtilFunctions; Method: getElementFromJSONFile
2018-06-04 17:02:02 INFO  rootLogger:232 - Return: //button[@class='consumerModuleButtons submitButton' and text()='Sign in']
2018-06-04 17:02:02 INFO  rootLogger:232 - Class: SeleniumFunctions; Method: setByValues
2018-06-04 17:02:02 INFO  rootLogger:232 - propField: //button[@class='consumerModuleButtons submitButton' and text()='Sign in']
2018-06-04 17:02:02 INFO  rootLogger:232 - switchType: xpath
2018-06-04 17:02:02 INFO  rootLogger:232 - switchValue: //button[@class='consumerModuleButtons submitButton' and text()='Sign in']
2018-06-04 17:02:02 INFO  rootLogger:232 - Class: SeleniumFunctions; Method: findElement
2018-06-04 17:02:02 INFO  rootLogger:232 - Class: SeleniumFunctions; Method: explicitWait
2018-06-04 17:02:02 INFO  rootLogger:232 - frame: 
2018-06-04 17:02:04 INFO  rootLogger:232 - Login button clicked
2018-06-04 17:02:04 INFO  rootLogger:232 - Class: SeleniumFunctions; Method: switchToNewWindow
2018-06-04 17:02:04 INFO  rootLogger:232 - parentWindow: CDwindow-A7BB55D28C801439BEDDAAE19529CE05
2018-06-04 17:02:04 INFO  rootLogger:232 - windowHandle: CDwindow-A7BB55D28C801439BEDDAAE19529CE05
2018-06-04 17:02:04 INFO  rootLogger:232 - Class: Hooks; Method: setDriver
2018-06-04 17:02:04 INFO  rootLogger:232 - get driver object
2018-06-04 17:02:04 INFO  rootLogger:232 - Class: LoginStepdefs; Method: applicationLogin : Complete
2018-06-04 17:02:04 INFO  rootLogger:232 - Class: GlobalStepdefs; Method: checkPageLoad : Start
2018-06-04 17:02:04 INFO  rootLogger:232 - Class: Hooks; Method: getDriver
2018-06-04 17:02:04 INFO  rootLogger:232 - get driver object
2018-06-04 17:02:04 INFO  rootLogger:232 - Class: Page; Method: findPage
2018-06-04 17:02:04 INFO  rootLogger:232 - Current tab name: Admin
2018-06-04 17:02:04 INFO  rootLogger:232 - PaneName: Admin
2018-06-04 17:02:04 INFO  rootLogger:232 - Class: UtilFunctions; Method: getJSONFileObjBasedOnPageName
2018-06-04 17:02:04 INFO  rootLogger:232 - Class: UtilFunctions; Method: getElementFromJSONFile
2018-06-04 17:02:04 INFO  rootLogger:232 - Exception: null
2018-06-04 17:02:04 INFO  rootLogger:232 - Pane xpath: null
2018-06-04 17:02:04 INFO  rootLogger:232 - Class: Hooks; Method: getDriver
2018-06-04 17:02:04 INFO  rootLogger:232 - get driver object
2018-06-04 17:02:04 INFO  rootLogger:232 - Class: SeleniumFunctions; Method: explicitWait
2018-06-04 17:02:04 INFO  rootLogger:232 - frame: 
2018-06-04 17:02:05 INFO  rootLogger:232 - Class: SeleniumFunctions; Method: findElement
2018-06-04 17:02:05 INFO  rootLogger:232 - Class: SeleniumFunctions; Method: explicitWait
2018-06-04 17:02:05 INFO  rootLogger:232 - frame: 
2018-06-04 17:02:05 INFO  rootLogger:232 - Class: GlobalStepdefs; Method: checkPageLoad : Complete
2018-06-04 17:02:05 INFO  rootLogger:232 - Class: GlobalStepdefs; Method: clickMiscElement : Start
2018-06-04 17:02:05 INFO  rootLogger:232 - Pagename: Admin
2018-06-04 17:02:05 INFO  rootLogger:232 - Class: Hooks; Method: getDriver
2018-06-04 17:02:05 INFO  rootLogger:232 - get driver object
2018-06-04 17:02:05 INFO  rootLogger:232 - Class: Page; Method: clickMiscElement
2018-06-04 17:02:05 INFO  rootLogger:232 - Current tab name: Admin
2018-06-04 17:02:05 INFO  rootLogger:232 - ImageName: Twitter
2018-06-04 17:02:05 INFO  rootLogger:232 - Class: UtilFunctions; Method: getJSONFileObjBasedOnPageName
2018-06-04 17:02:05 INFO  rootLogger:232 - Class: UtilFunctions; Method: getElementStringAndType
2018-06-04 17:02:05 INFO  rootLogger:232 - Class: UtilFunctions; Method: getElementFromJSONFile
2018-06-04 17:02:05 INFO  rootLogger:232 - Return: //i[@class='fa fa-twitter']
2018-06-04 17:02:05 INFO  rootLogger:232 - Class: UtilFunctions; Method: getElementFromJSONFile
2018-06-04 17:02:05 INFO  rootLogger:232 - Return: //i[@class='fa fa-twitter']
2018-06-04 17:02:05 INFO  rootLogger:232 - xpath present
2018-06-04 17:02:05 INFO  rootLogger:232 - Class: SeleniumFunctions; Method: explicitWait
2018-06-04 17:02:05 INFO  rootLogger:232 - frame: //i[@class='fa fa-twitter'];xpath
2018-06-04 17:02:05 INFO  rootLogger:232 - Class: SeleniumFunctions; Method: setByValues
2018-06-04 17:02:05 INFO  rootLogger:232 - propField: //i[@class='fa fa-twitter'];xpath
2018-06-04 17:02:05 INFO  rootLogger:232 - switchType: xpath
2018-06-04 17:02:05 INFO  rootLogger:232 - switchValue: //i[@class='fa fa-twitter']
2018-06-04 17:02:05 INFO  rootLogger:232 - Class: SeleniumFunctions; Method: findElement
2018-06-04 17:02:05 INFO  rootLogger:232 - Class: SeleniumFunctions; Method: explicitWait
2018-06-04 17:02:05 INFO  rootLogger:232 - frame: 
2018-06-04 17:02:06 INFO  rootLogger:232 - Element: 'Twitter' exist and clicked. Returning true.
2018-06-04 17:02:06 INFO  rootLogger:232 - Class: SeleniumFunctions; Method: switchToNewWindow
2018-06-04 17:02:06 INFO  rootLogger:232 - parentWindow: CDwindow-A7BB55D28C801439BEDDAAE19529CE05
2018-06-04 17:02:06 INFO  rootLogger:232 - windowHandle: CDwindow-A7BB55D28C801439BEDDAAE19529CE05
2018-06-04 17:02:06 INFO  rootLogger:232 - windowHandle: CDwindow-840E2D404CF928AB7443D183240CA9BD
2018-06-04 17:02:06 INFO  rootLogger:232 - Window handle not equal to parent window. Switching to new window now: CDwindow-840E2D404CF928AB7443D183240CA9BD
2018-06-04 17:02:06 INFO  rootLogger:232 - Switched to new window: CDwindow-840E2D404CF928AB7443D183240CA9BD
2018-06-04 17:02:06 INFO  rootLogger:232 - Class: GlobalStepdefs; Method: waitForSpecifiedTime : Start
2018-06-04 17:02:09 INFO  rootLogger:232 - Class: GlobalStepdefs; Method: waitForSpecifiedTime : Complete
2018-06-04 17:02:09 INFO  rootLogger:232 - Class: GlobalStepdefs; Method: clickLink : Start
2018-06-04 17:02:09 INFO  rootLogger:232 - Class: Hooks; Method: getDriver
2018-06-04 17:02:09 INFO  rootLogger:232 - get driver object
2018-06-04 17:02:10 INFO  rootLogger:232 - Class: Page; Method: clickLinkText
2018-06-04 17:02:10 INFO  rootLogger:232 - Current tab name: 
2018-06-04 17:02:11 INFO  rootLogger:232 - Class: Page; Method: findLinkText
2018-06-04 17:02:11 INFO  rootLogger:232 - Link text: 'Have an account?'; xPath: '//*[starts-with(normalize-space(./text()), 'Have an account?')]'. Returning object of the link text.
2018-06-04 17:02:11 INFO  rootLogger:232 - Class: SeleniumFunctions; Method: explicitWait
2018-06-04 17:02:11 INFO  rootLogger:232 - frame: //*[starts-with(normalize-space(./text()), 'Have an account?')];xpath
2018-06-04 17:02:12 INFO  rootLogger:232 - Class: SeleniumFunctions; Method: setByValues
2018-06-04 17:02:12 INFO  rootLogger:232 - propField: //*[starts-with(normalize-space(./text()), 'Have an account?')];xpath
2018-06-04 17:02:12 INFO  rootLogger:232 - switchType: xpath
2018-06-04 17:02:12 INFO  rootLogger:232 - switchValue: //*[starts-with(normalize-space(./text()), 'Have an account?')]
2018-06-04 17:02:12 INFO  rootLogger:232 - Class: SeleniumFunctions; Method: findElement
2018-06-04 17:02:12 INFO  rootLogger:232 - Class: SeleniumFunctions; Method: explicitWait
2018-06-04 17:02:12 INFO  rootLogger:232 - frame: 
2018-06-04 17:02:12 INFO  rootLogger:232 - Link: 'Have an account?' clicked. Returning true.
2018-06-04 17:02:12 INFO  rootLogger:232 - Class: GlobalStepdefs; Method: clickLink : Complete
2018-06-04 17:02:12 INFO  rootLogger:232 - Class: GlobalStepdefs; Method: enterInTheField : Start
2018-06-04 17:02:12 INFO  rootLogger:232 - Class: Hooks; Method: getDriver
2018-06-04 17:02:12 INFO  rootLogger:232 - get driver object
2018-06-04 17:02:12 INFO  rootLogger:232 - Class: Page; Method: setTextBox
2018-06-04 17:02:12 INFO  rootLogger:232 - Current page name: Admin
2018-06-04 17:02:12 INFO  rootLogger:232 - Text box field name: TwitterUsername
2018-06-04 17:02:12 INFO  rootLogger:232 - Class: UtilFunctions; Method: getJSONFileObjBasedOnPageName
2018-06-04 17:02:12 INFO  rootLogger:232 - Class: UtilFunctions; Method: getElementStringAndType
2018-06-04 17:02:12 INFO  rootLogger:232 - Class: UtilFunctions; Method: getElementFromJSONFile
2018-06-04 17:02:12 INFO  rootLogger:232 - Return: //input[@autocomplete='username']
2018-06-04 17:02:12 INFO  rootLogger:232 - Class: UtilFunctions; Method: getElementFromJSONFile
2018-06-04 17:02:12 INFO  rootLogger:232 - Return: //input[@autocomplete='username']
2018-06-04 17:02:12 INFO  rootLogger:232 - xpath present
2018-06-04 17:02:12 INFO  rootLogger:232 - Text box textPath: //input[@autocomplete='username']
2018-06-04 17:02:12 INFO  rootLogger:232 - Text box textMethod: xpath
2018-06-04 17:02:13 INFO  rootLogger:232 - Class: Hooks; Method: getDriver
2018-06-04 17:02:13 INFO  rootLogger:232 - get driver object
2018-06-04 17:02:13 INFO  rootLogger:232 - Class: SeleniumFunctions; Method: setByValues
2018-06-04 17:02:13 INFO  rootLogger:232 - propField: //input[@autocomplete='username'];xpath
2018-06-04 17:02:13 INFO  rootLogger:232 - switchType: xpath
2018-06-04 17:02:13 INFO  rootLogger:232 - switchValue: //input[@autocomplete='username']
2018-06-04 17:02:13 INFO  rootLogger:232 - Class: SeleniumFunctions; Method: findElement
2018-06-04 17:02:13 INFO  rootLogger:232 - Class: SeleniumFunctions; Method: explicitWait
2018-06-04 17:02:13 INFO  rootLogger:232 - frame: 
2018-06-04 17:02:14 INFO  rootLogger:232 - Element not found after timeout of 1 seconds. Exception: Expected condition failed: waiting for visibility of element located by By.xpath: //input[@autocomplete='username'] (tried for 1 second(s) with 500 MILLISECONDS interval)
Build info: version: '3.5.3', revision: 'a88d25fe6b', time: '2017-08-29T12:42:44.417Z'
System info: host: 'LENOVO-PC', ip: '192.168.2.136', os.name: 'Windows 7', os.arch: 'amd64', os.version: '6.1', java.version: '1.8.0_162'
Driver info: org.openqa.selenium.chrome.ChromeDriver
Capabilities [{mobileEmulationEnabled=false, hasTouchScreen=false, platform=XP, acceptSslCerts=false, acceptInsecureCerts=false, webStorageEnabled=true, browserName=chrome, takesScreenshot=true, javascriptEnabled=true, platformName=XP, setWindowRect=true, unexpectedAlertBehaviour=, applicationCacheEnabled=false, rotatable=false, networkConnectionEnabled=false, chrome={chromedriverVersion=2.35.528161 (5b82f2d2aae0ca24b877009200ced9065a772e73), userDataDir=C:\Users\Lenovo\AppData\Local\Temp\scoped_dir6476_28001}, takesHeapSnapshot=true, pageLoadStrategy=normal, unhandledPromptBehavior=, databaseEnabled=false, handlesAlerts=true, version=66.0.3359.181, browserConnectionEnabled=false, nativeEvents=true, locationContextEnabled=true, cssSelectorsEnabled=true}]
Session ID: d757327668c44c1bd2f8f611a59f22ec
2018-06-04 17:02:14 INFO  rootLogger:232 - Trying again. Exception: element not visible
  (Session info: chrome=66.0.3359.181)
  (Driver info: chromedriver=2.35.528161 (5b82f2d2aae0ca24b877009200ced9065a772e73),platform=Windows NT 6.1.7601 SP1 x86_64) (WARNING: The server did not provide any stacktrace information)
Command duration or timeout: 0 milliseconds
Build info: version: '3.5.3', revision: 'a88d25fe6b', time: '2017-08-29T12:42:44.417Z'
System info: host: 'LENOVO-PC', ip: '192.168.2.136', os.name: 'Windows 7', os.arch: 'amd64', os.version: '6.1', java.version: '1.8.0_162'
Driver info: org.openqa.selenium.chrome.ChromeDriver
Capabilities [{mobileEmulationEnabled=false, hasTouchScreen=false, platform=XP, acceptSslCerts=false, acceptInsecureCerts=false, webStorageEnabled=true, browserName=chrome, takesScreenshot=true, javascriptEnabled=true, platformName=XP, setWindowRect=true, unexpectedAlertBehaviour=, applicationCacheEnabled=false, rotatable=false, networkConnectionEnabled=false, chrome={chromedriverVersion=2.35.528161 (5b82f2d2aae0ca24b877009200ced9065a772e73), userDataDir=C:\Users\Lenovo\AppData\Local\Temp\scoped_dir6476_28001}, takesHeapSnapshot=true, pageLoadStrategy=normal, unhandledPromptBehavior=, databaseEnabled=false, handlesAlerts=true, version=66.0.3359.181, browserConnectionEnabled=false, nativeEvents=true, locationContextEnabled=true, cssSelectorsEnabled=true}]
Session ID: d757327668c44c1bd2f8f611a59f22ec
2018-06-04 17:02:14 INFO  rootLogger:232 - Recursive calling of the function.
2018-06-04 17:02:14 INFO  rootLogger:232 - Class: Page; Method: setTextBox
2018-06-04 17:02:14 INFO  rootLogger:232 - Current page name: Admin
2018-06-04 17:02:14 INFO  rootLogger:232 - Text box field name: TwitterUsername
2018-06-04 17:02:14 INFO  rootLogger:232 - Class: UtilFunctions; Method: getJSONFileObjBasedOnPageName
2018-06-04 17:02:14 INFO  rootLogger:232 - Class: UtilFunctions; Method: getElementStringAndType
2018-06-04 17:02:14 INFO  rootLogger:232 - Class: UtilFunctions; Method: getElementFromJSONFile
2018-06-04 17:02:14 INFO  rootLogger:232 - Return: //input[@autocomplete='username']
2018-06-04 17:02:14 INFO  rootLogger:232 - Class: UtilFunctions; Method: getElementFromJSONFile
2018-06-04 17:02:14 INFO  rootLogger:232 - Return: //input[@autocomplete='username']
2018-06-04 17:02:14 INFO  rootLogger:232 - xpath present
2018-06-04 17:02:14 INFO  rootLogger:232 - Text box textPath: //input[@autocomplete='username']
2018-06-04 17:02:14 INFO  rootLogger:232 - Text box textMethod: xpath
2018-06-04 17:02:15 INFO  rootLogger:232 - Class: Hooks; Method: getDriver
2018-06-04 17:02:15 INFO  rootLogger:232 - get driver object
2018-06-04 17:02:15 INFO  rootLogger:232 - Class: SeleniumFunctions; Method: setByValues
2018-06-04 17:02:15 INFO  rootLogger:232 - propField: //input[@autocomplete='username'];xpath
2018-06-04 17:02:15 INFO  rootLogger:232 - switchType: xpath
2018-06-04 17:02:15 INFO  rootLogger:232 - switchValue: //input[@autocomplete='username']
2018-06-04 17:02:15 INFO  rootLogger:232 - Class: SeleniumFunctions; Method: findElement
2018-06-04 17:02:15 INFO  rootLogger:232 - Class: SeleniumFunctions; Method: explicitWait
2018-06-04 17:02:15 INFO  rootLogger:232 - frame: 
2018-06-04 17:02:16 INFO  rootLogger:232 - Element not found after timeout of 1 seconds. Exception: Expected condition failed: waiting for visibility of element located by By.xpath: //input[@autocomplete='username'] (tried for 1 second(s) with 500 MILLISECONDS interval)
Build info: version: '3.5.3', revision: 'a88d25fe6b', time: '2017-08-29T12:42:44.417Z'
System info: host: 'LENOVO-PC', ip: '192.168.2.136', os.name: 'Windows 7', os.arch: 'amd64', os.version: '6.1', java.version: '1.8.0_162'
Driver info: org.openqa.selenium.chrome.ChromeDriver
Capabilities [{mobileEmulationEnabled=false, hasTouchScreen=false, platform=XP, acceptSslCerts=false, acceptInsecureCerts=false, webStorageEnabled=true, browserName=chrome, takesScreenshot=true, javascriptEnabled=true, platformName=XP, setWindowRect=true, unexpectedAlertBehaviour=, applicationCacheEnabled=false, rotatable=false, networkConnectionEnabled=false, chrome={chromedriverVersion=2.35.528161 (5b82f2d2aae0ca24b877009200ced9065a772e73), userDataDir=C:\Users\Lenovo\AppData\Local\Temp\scoped_dir6476_28001}, takesHeapSnapshot=true, pageLoadStrategy=normal, unhandledPromptBehavior=, databaseEnabled=false, handlesAlerts=true, version=66.0.3359.181, browserConnectionEnabled=false, nativeEvents=true, locationContextEnabled=true, cssSelectorsEnabled=true}]
Session ID: d757327668c44c1bd2f8f611a59f22ec
2018-06-04 17:02:16 INFO  rootLogger:232 - Trying again. Exception: element not visible
  (Session info: chrome=66.0.3359.181)
  (Driver info: chromedriver=2.35.528161 (5b82f2d2aae0ca24b877009200ced9065a772e73),platform=Windows NT 6.1.7601 SP1 x86_64) (WARNING: The server did not provide any stacktrace information)
Command duration or timeout: 0 milliseconds
Build info: version: '3.5.3', revision: 'a88d25fe6b', time: '2017-08-29T12:42:44.417Z'
System info: host: 'LENOVO-PC', ip: '192.168.2.136', os.name: 'Windows 7', os.arch: 'amd64', os.version: '6.1', java.version: '1.8.0_162'
Driver info: org.openqa.selenium.chrome.ChromeDriver
Capabilities [{mobileEmulationEnabled=false, hasTouchScreen=false, platform=XP, acceptSslCerts=false, acceptInsecureCerts=false, webStorageEnabled=true, browserName=chrome, takesScreenshot=true, javascriptEnabled=true, platformName=XP, setWindowRect=true, unexpectedAlertBehaviour=, applicationCacheEnabled=false, rotatable=false, networkConnectionEnabled=false, chrome={chromedriverVersion=2.35.528161 (5b82f2d2aae0ca24b877009200ced9065a772e73), userDataDir=C:\Users\Lenovo\AppData\Local\Temp\scoped_dir6476_28001}, takesHeapSnapshot=true, pageLoadStrategy=normal, unhandledPromptBehavior=, databaseEnabled=false, handlesAlerts=true, version=66.0.3359.181, browserConnectionEnabled=false, nativeEvents=true, locationContextEnabled=true, cssSelectorsEnabled=true}]
Session ID: d757327668c44c1bd2f8f611a59f22ec
2018-06-04 17:02:16 INFO  rootLogger:232 - Class: Hooks; Method: closeBrowserAndTakeScreenShot
2018-06-04 17:02:16 INFO  rootLogger:232 - Scenario: Verify Twitter Login - Failed
2018-06-04 17:02:16 INFO  rootLogger:232 - Class: Hooks; Method: takeScreenShot
2018-06-04 17:02:17 INFO  rootLogger:232 - Browser closed
2018-06-04 17:02:17 INFO  rootLogger:232 - Tried to kill process with PID: 8984
2018-06-04 17:02:17 INFO  rootLogger:232 - Scenario: Verify Twitter Login complete.
